Using pre-set license
Built from '2020.3/release' branch; Version is '2020.3.7f1 (dd97f2c94397) revision 14522354'; Using compiler version '192528614'; Build Type 'Release'
OS: 'Windows 10 Home; OS build 19044.2364; Version 2009; 64bit' Language: 'en' Physical Memory: 16315 MB
BatchMode: 1, IsHumanControllingUs: 0, StartBugReporterOnCrash: 0, Is64bit: 1, IsPro: 0

 COMMAND LINE ARGUMENTS:
C:\Program Files\Unity\Hub\Editor\2020.3.7f1\Editor\Unity.exe
-adb2
-batchMode
-noUpm
-name
AssetImportWorker1
-projectPath
E:/ElCapstoneRepo/CAPSTONE
-logFile
Logs/AssetImportWorker1.log
-srvPort
59236
Successfully changed project path to: E:/ElCapstoneRepo/CAPSTONE
E:/ElCapstoneRepo/CAPSTONE
Using Asset Import Pipeline V2.
Refreshing native plugins compatible for Editor in 56.70 ms, found 0 plugins.
Preloading 0 native plugins for Editor in 0.00 ms.
Initialize engine version: 2020.3.7f1 (dd97f2c94397)
[Subsystems] Discovering subsystems at path C:/Program Files/Unity/Hub/Editor/2020.3.7f1/Editor/Data/Resources/UnitySubsystems
[Subsystems] Discovering subsystems at path E:/ElCapstoneRepo/CAPSTONE/Assets
GfxDevice: creating device client; threaded=0
Direct3D:
    Version:  Direct3D 11.0 [level 11.1]
    Renderer: NVIDIA GeForce GTX 1650 (ID=0x1f0a)
    Vendor:   
    VRAM:     3961 MB
    Driver:   31.0.15.1694
Shader 'Universal Render Pipeline/Particles/Lit': fallback shader 'Universal Render Pipeline/Particles/SimpleLit' not found
Initialize mono
Mono path[0] = 'C:/Program Files/Unity/Hub/Editor/2020.3.7f1/Editor/Data/Managed'
Mono path[1] = 'C:/Program Files/Unity/Hub/Editor/2020.3.7f1/Editor/Data/MonoBleedingEdge/lib/mono/unityjit'
Mono config path = 'C:/Program Files/Unity/Hub/Editor/2020.3.7f1/Editor/Data/MonoBleedingEdge/etc'
Using monoOptions --debugger-agent=transport=dt_socket,embedding=1,server=y,suspend=n,address=127.0.0.1:56032
Begin MonoManager ReloadAssembly
Registering precompiled unity dll's ...
Register platform support module: C:/Program Files/Unity/Hub/Editor/2020.3.7f1/Editor/Data/PlaybackEngines/WebGLSupport/UnityEditor.WebGL.Extensions.dll
Register platform support module: C:/Program Files/Unity/Hub/Editor/2020.3.7f1/Editor/Data/PlaybackEngines/WindowsStandaloneSupport/UnityEditor.WindowsStandalone.Extensions.dll
Registered in 0.007600 seconds.
Native extension for WindowsStandalone target not found
Native extension for WebGL target not found
Refreshing native plugins compatible for Editor in 57.78 ms, found 0 plugins.
Preloading 0 native plugins for Editor in 0.00 ms.
Mono: successfully reloaded assembly
- Completed reload, in  2.106 seconds
Platform modules already initialized, skipping
Registering precompiled user dll's ...
Registered in 0.001880 seconds.
Begin MonoManager ReloadAssembly
Native extension for WindowsStandalone target not found
Native extension for WebGL target not found
Refreshing native plugins compatible for Editor in 62.13 ms, found 0 plugins.
Preloading 0 native plugins for Editor in 0.00 ms.
Mono: successfully reloaded assembly
- Completed reload, in  4.234 seconds
Platform modules already initialized, skipping
========================================================================
Worker process is ready to serve import requests
Shader 'Universal Render Pipeline/Particles/Lit': fallback shader 'Universal Render Pipeline/Particles/SimpleLit' not found
Launched and connected shader compiler UnityShaderCompiler.exe after 0.07 seconds
Refreshing native plugins compatible for Editor in 0.50 ms, found 0 plugins.
Preloading 0 native plugins for Editor in 0.00 ms.
Unloading 3254 Unused Serialized files (Serialized files now loaded: 0)
System memory in use before: 168.8 MB.
System memory in use after: 169.0 MB.

Unloading 12 unused Assets to reduce memory usage. Loaded Objects now: 3717.
Total: 2.903000 ms (FindLiveObjects: 0.347500 ms CreateObjectMapping: 0.076300 ms MarkObjects: 2.371100 ms  DeleteObjects: 0.105700 ms)

========================================================================
Received Import Request.
  path: Assets/Gameplay/Scenes/GameScene.unity
  artifactKey: Guid(2c6ea59a5f062b84a989fb1490aef6f5) Importer(815301076,1909f56bfc062723c751e8b465ee728b)
Start importing Assets/Gameplay/Scenes/GameScene.unity using Guid(2c6ea59a5f062b84a989fb1490aef6f5) Importer(815301076,1909f56bfc062723c751e8b465ee728b)  -> (artifact id: '158350d887370c9ebf6b3b2010a9a17a') in 0.069154 seconds
  Import took 0.080687 seconds .

========================================================================
Received Prepare
Registering precompiled user dll's ...
Registered in 0.001980 seconds.
Begin MonoManager ReloadAssembly
Native extension for WindowsStandalone target not found
Native extension for WebGL target not found
Refreshing native plugins compatible for Editor in 0.62 ms, found 0 plugins.
Preloading 0 native plugins for Editor in 0.00 ms.
Mono: successfully reloaded assembly
- Completed reload, in  1.305 seconds
Platform modules already initialized, skipping
Shader 'Universal Render Pipeline/Particles/Lit': fallback shader 'Universal Render Pipeline/Particles/SimpleLit' not found
Refreshing native plugins compatible for Editor in 0.58 ms, found 0 plugins.
Preloading 0 native plugins for Editor in 0.00 ms.
Unloading 3116 Unused Serialized files (Serialized files now loaded: 0)
System memory in use before: 159.0 MB.
System memory in use after: 159.2 MB.

Unloading 7 unused Assets to reduce memory usage. Loaded Objects now: 3719.
Total: 3.601400 ms (FindLiveObjects: 0.411500 ms CreateObjectMapping: 0.106000 ms MarkObjects: 2.997300 ms  DeleteObjects: 0.084500 ms)

========================================================================
Received Prepare
Registering precompiled user dll's ...
Registered in 0.001858 seconds.
Begin MonoManager ReloadAssembly
Native extension for WindowsStandalone target not found
Native extension for WebGL target not found
Refreshing native plugins compatible for Editor in 0.63 ms, found 0 plugins.
Preloading 0 native plugins for Editor in 0.00 ms.
Mono: successfully reloaded assembly
- Completed reload, in  1.905 seconds
Platform modules already initialized, skipping
Shader 'Universal Render Pipeline/Particles/Lit': fallback shader 'Universal Render Pipeline/Particles/SimpleLit' not found
Refreshing native plugins compatible for Editor in 0.61 ms, found 0 plugins.
Preloading 0 native plugins for Editor in 0.00 ms.
Unloading 3116 Unused Serialized files (Serialized files now loaded: 0)
System memory in use before: 159.1 MB.
System memory in use after: 159.3 MB.

Unloading 7 unused Assets to reduce memory usage. Loaded Objects now: 3721.
Total: 3.092400 ms (FindLiveObjects: 0.392700 ms CreateObjectMapping: 0.083800 ms MarkObjects: 2.478700 ms  DeleteObjects: 0.134300 ms)

========================================================================
Received Prepare
Registering precompiled user dll's ...
Registered in 0.001921 seconds.
Begin MonoManager ReloadAssembly
Native extension for WindowsStandalone target not found
Native extension for WebGL target not found
Refreshing native plugins compatible for Editor in 0.52 ms, found 0 plugins.
Preloading 0 native plugins for Editor in 0.00 ms.
Mono: successfully reloaded assembly
- Completed reload, in  1.450 seconds
Platform modules already initialized, skipping
Shader 'Universal Render Pipeline/Particles/Lit': fallback shader 'Universal Render Pipeline/Particles/SimpleLit' not found
Refreshing native plugins compatible for Editor in 0.92 ms, found 0 plugins.
Preloading 0 native plugins for Editor in 0.00 ms.
Unloading 3116 Unused Serialized files (Serialized files now loaded: 0)
System memory in use before: 159.1 MB.
System memory in use after: 159.3 MB.

Unloading 7 unused Assets to reduce memory usage. Loaded Objects now: 3723.
Total: 3.181000 ms (FindLiveObjects: 0.528600 ms CreateObjectMapping: 0.133200 ms MarkObjects: 2.440700 ms  DeleteObjects: 0.077100 ms)

========================================================================
Received Prepare
Registering precompiled user dll's ...
Registered in 0.002729 seconds.
Begin MonoManager ReloadAssembly
Native extension for WindowsStandalone target not found
Native extension for WebGL target not found
Refreshing native plugins compatible for Editor in 0.69 ms, found 0 plugins.
Preloading 0 native plugins for Editor in 0.00 ms.
Mono: successfully reloaded assembly
- Completed reload, in  1.352 seconds
Platform modules already initialized, skipping
Shader 'Universal Render Pipeline/Particles/Lit': fallback shader 'Universal Render Pipeline/Particles/SimpleLit' not found
Refreshing native plugins compatible for Editor in 0.65 ms, found 0 plugins.
Preloading 0 native plugins for Editor in 0.00 ms.
Unloading 3116 Unused Serialized files (Serialized files now loaded: 0)
System memory in use before: 159.1 MB.
System memory in use after: 159.3 MB.

Unloading 7 unused Assets to reduce memory usage. Loaded Objects now: 3725.
Total: 3.086200 ms (FindLiveObjects: 0.408600 ms CreateObjectMapping: 0.080500 ms MarkObjects: 2.520100 ms  DeleteObjects: 0.075300 ms)

========================================================================
Received Prepare
Registering precompiled user dll's ...
Registered in 0.003911 seconds.
Begin MonoManager ReloadAssembly
Native extension for WindowsStandalone target not found
Native extension for WebGL target not found
Refreshing native plugins compatible for Editor in 0.83 ms, found 0 plugins.
Preloading 0 native plugins for Editor in 0.00 ms.
Mono: successfully reloaded assembly
- Completed reload, in  1.318 seconds
Platform modules already initialized, skipping
Shader 'Universal Render Pipeline/Particles/Lit': fallback shader 'Universal Render Pipeline/Particles/SimpleLit' not found
Refreshing native plugins compatible for Editor in 0.52 ms, found 0 plugins.
Preloading 0 native plugins for Editor in 0.00 ms.
Unloading 3117 Unused Serialized files (Serialized files now loaded: 0)
System memory in use before: 159.2 MB.
System memory in use after: 159.4 MB.

Unloading 7 unused Assets to reduce memory usage. Loaded Objects now: 3728.
Total: 3.216600 ms (FindLiveObjects: 0.534000 ms CreateObjectMapping: 0.127400 ms MarkObjects: 2.466300 ms  DeleteObjects: 0.087800 ms)

========================================================================
Received Prepare
Registering precompiled user dll's ...
Registered in 0.002029 seconds.
Begin MonoManager ReloadAssembly
Native extension for WindowsStandalone target not found
Native extension for WebGL target not found
Refreshing native plugins compatible for Editor in 0.52 ms, found 0 plugins.
Preloading 0 native plugins for Editor in 0.00 ms.
Mono: successfully reloaded assembly
- Completed reload, in  1.380 seconds
Platform modules already initialized, skipping
Shader 'Universal Render Pipeline/Particles/Lit': fallback shader 'Universal Render Pipeline/Particles/SimpleLit' not found
Refreshing native plugins compatible for Editor in 0.51 ms, found 0 plugins.
Preloading 0 native plugins for Editor in 0.00 ms.
Unloading 3117 Unused Serialized files (Serialized files now loaded: 0)
System memory in use before: 159.2 MB.
System memory in use after: 159.4 MB.

Unloading 7 unused Assets to reduce memory usage. Loaded Objects now: 3730.
Total: 2.971900 ms (FindLiveObjects: 0.358900 ms CreateObjectMapping: 0.078100 ms MarkObjects: 2.463600 ms  DeleteObjects: 0.069500 ms)

========================================================================
Received Import Request.
  Time since last request: 10647.557882 seconds.
  path: Assets/Resources
  artifactKey: Guid(5543b5def6c55b64eae02c3dfa8e3a6f) Importer(815301076,1909f56bfc062723c751e8b465ee728b)
Start importing Assets/Resources using Guid(5543b5def6c55b64eae02c3dfa8e3a6f) Importer(815301076,1909f56bfc062723c751e8b465ee728b)  -> (artifact id: '35b8cb2ce3a44348a96ee5cce9180ba2') in 0.051112 seconds
  Import took 0.062638 seconds .

========================================================================
Received Import Request.
  Time since last request: 0.042539 seconds.
  path: Assets/Resources
  artifactKey: Guid(5543b5def6c55b64eae02c3dfa8e3a6f) Importer(815301076,1909f56bfc062723c751e8b465ee728b)
Start importing Assets/Resources using Guid(5543b5def6c55b64eae02c3dfa8e3a6f) Importer(815301076,1909f56bfc062723c751e8b465ee728b)  -> (artifact id: '35b8cb2ce3a44348a96ee5cce9180ba2') in 0.057235 seconds
  Import took 0.061788 seconds .

========================================================================
Received Import Request.
  Time since last request: 11.518420 seconds.
  path: Assets/Resources/UniversalAssets
  artifactKey: Guid(d80ef4612e0c89d4886ce7f07b167f00) Importer(815301076,1909f56bfc062723c751e8b465ee728b)
Start importing Assets/Resources/UniversalAssets using Guid(d80ef4612e0c89d4886ce7f07b167f00) Importer(815301076,1909f56bfc062723c751e8b465ee728b)  -> (artifact id: 'ad09ac1940d5fb9b091cf1336713a30b') in 0.046328 seconds
  Import took 0.057313 seconds .

========================================================================
Received Import Request.
  Time since last request: 0.060077 seconds.
  path: Assets/Resources/UniversalAssets
  artifactKey: Guid(d80ef4612e0c89d4886ce7f07b167f00) Importer(815301076,1909f56bfc062723c751e8b465ee728b)
Start importing Assets/Resources/UniversalAssets using Guid(d80ef4612e0c89d4886ce7f07b167f00) Importer(815301076,1909f56bfc062723c751e8b465ee728b)  -> (artifact id: 'ad09ac1940d5fb9b091cf1336713a30b') in 0.049949 seconds
  Import took 0.055158 seconds .

========================================================================
Received Prepare
Registering precompiled user dll's ...
Registered in 0.001817 seconds.
Begin MonoManager ReloadAssembly
Native extension for WindowsStandalone target not found
Native extension for WebGL target not found
Refreshing native plugins compatible for Editor in 0.67 ms, found 0 plugins.
Preloading 0 native plugins for Editor in 0.00 ms.
Mono: successfully reloaded assembly
- Completed reload, in  1.320 seconds
Platform modules already initialized, skipping
Shader 'Universal Render Pipeline/Particles/Lit': fallback shader 'Universal Render Pipeline/Particles/SimpleLit' not found
Refreshing native plugins compatible for Editor in 0.53 ms, found 0 plugins.
Preloading 0 native plugins for Editor in 0.00 ms.
Unloading 3117 Unused Serialized files (Serialized files now loaded: 0)
System memory in use before: 159.2 MB.
System memory in use after: 159.4 MB.

Unloading 7 unused Assets to reduce memory usage. Loaded Objects now: 3732.
Total: 3.688100 ms (FindLiveObjects: 0.870800 ms CreateObjectMapping: 0.097600 ms MarkObjects: 2.634000 ms  DeleteObjects: 0.084400 ms)

========================================================================
Received Prepare
Registering precompiled user dll's ...
Registered in 0.002670 seconds.
Begin MonoManager ReloadAssembly
Native extension for WindowsStandalone target not found
Native extension for WebGL target not found
Refreshing native plugins compatible for Editor in 0.52 ms, found 0 plugins.
Preloading 0 native plugins for Editor in 0.00 ms.
Mono: successfully reloaded assembly
- Completed reload, in  1.266 seconds
Platform modules already initialized, skipping
Shader 'Universal Render Pipeline/Particles/Lit': fallback shader 'Universal Render Pipeline/Particles/SimpleLit' not found
Refreshing native plugins compatible for Editor in 0.65 ms, found 0 plugins.
Preloading 0 native plugins for Editor in 0.00 ms.
Unloading 3117 Unused Serialized files (Serialized files now loaded: 0)
System memory in use before: 159.2 MB.
System memory in use after: 159.4 MB.

Unloading 7 unused Assets to reduce memory usage. Loaded Objects now: 3734.
Total: 2.780300 ms (FindLiveObjects: 0.337900 ms CreateObjectMapping: 0.075100 ms MarkObjects: 2.293400 ms  DeleteObjects: 0.072900 ms)

========================================================================
Received Prepare
Registering precompiled user dll's ...
Registered in 0.002454 seconds.
Begin MonoManager ReloadAssembly
Native extension for WindowsStandalone target not found
Native extension for WebGL target not found
Refreshing native plugins compatible for Editor in 0.46 ms, found 0 plugins.
Preloading 0 native plugins for Editor in 0.00 ms.
Mono: successfully reloaded assembly
- Completed reload, in  1.495 seconds
Platform modules already initialized, skipping
Shader 'Universal Render Pipeline/Particles/Lit': fallback shader 'Universal Render Pipeline/Particles/SimpleLit' not found
Refreshing native plugins compatible for Editor in 0.54 ms, found 0 plugins.
Preloading 0 native plugins for Editor in 0.00 ms.
Unloading 3117 Unused Serialized files (Serialized files now loaded: 0)
System memory in use before: 159.2 MB.
System memory in use after: 159.4 MB.

Unloading 7 unused Assets to reduce memory usage. Loaded Objects now: 3736.
Total: 3.121600 ms (FindLiveObjects: 0.426500 ms CreateObjectMapping: 0.085300 ms MarkObjects: 2.531100 ms  DeleteObjects: 0.077000 ms)

========================================================================
Received Prepare
Registering precompiled user dll's ...
Registered in 0.002126 seconds.
Begin MonoManager ReloadAssembly
Native extension for WindowsStandalone target not found
Native extension for WebGL target not found
Refreshing native plugins compatible for Editor in 0.53 ms, found 0 plugins.
Preloading 0 native plugins for Editor in 0.00 ms.
Mono: successfully reloaded assembly
- Completed reload, in  1.425 seconds
Platform modules already initialized, skipping
Shader 'Universal Render Pipeline/Particles/Lit': fallback shader 'Universal Render Pipeline/Particles/SimpleLit' not found
Refreshing native plugins compatible for Editor in 0.62 ms, found 0 plugins.
Preloading 0 native plugins for Editor in 0.00 ms.
Unloading 3117 Unused Serialized files (Serialized files now loaded: 0)
System memory in use before: 159.2 MB.
System memory in use after: 159.4 MB.

Unloading 7 unused Assets to reduce memory usage. Loaded Objects now: 3738.
Total: 3.236400 ms (FindLiveObjects: 0.522400 ms CreateObjectMapping: 0.141300 ms MarkObjects: 2.492300 ms  DeleteObjects: 0.079300 ms)

========================================================================
Received Prepare
Registering precompiled user dll's ...
Registered in 0.001990 seconds.
Begin MonoManager ReloadAssembly
Native extension for WindowsStandalone target not found
Native extension for WebGL target not found
Refreshing native plugins compatible for Editor in 0.66 ms, found 0 plugins.
Preloading 0 native plugins for Editor in 0.00 ms.
Mono: successfully reloaded assembly
- Completed reload, in  1.396 seconds
Platform modules already initialized, skipping
Shader 'Universal Render Pipeline/Particles/Lit': fallback shader 'Universal Render Pipeline/Particles/SimpleLit' not found
Refreshing native plugins compatible for Editor in 0.51 ms, found 0 plugins.
Preloading 0 native plugins for Editor in 0.00 ms.
Unloading 3117 Unused Serialized files (Serialized files now loaded: 0)
System memory in use before: 159.2 MB.
System memory in use after: 159.4 MB.

Unloading 7 unused Assets to reduce memory usage. Loaded Objects now: 3740.
Total: 3.456600 ms (FindLiveObjects: 0.363000 ms CreateObjectMapping: 0.080200 ms MarkObjects: 2.932900 ms  DeleteObjects: 0.079300 ms)

========================================================================
Received Prepare
Registering precompiled user dll's ...
Registered in 0.002006 seconds.
Begin MonoManager ReloadAssembly
Native extension for WindowsStandalone target not found
Native extension for WebGL target not found
Refreshing native plugins compatible for Editor in 0.57 ms, found 0 plugins.
Preloading 0 native plugins for Editor in 0.00 ms.
Mono: successfully reloaded assembly
- Completed reload, in  1.330 seconds
Platform modules already initialized, skipping
Shader 'Universal Render Pipeline/Particles/Lit': fallback shader 'Universal Render Pipeline/Particles/SimpleLit' not found
Refreshing native plugins compatible for Editor in 0.57 ms, found 0 plugins.
Preloading 0 native plugins for Editor in 0.00 ms.
Unloading 3117 Unused Serialized files (Serialized files now loaded: 0)
System memory in use before: 159.2 MB.
System memory in use after: 159.4 MB.

Unloading 7 unused Assets to reduce memory usage. Loaded Objects now: 3742.
Total: 3.548800 ms (FindLiveObjects: 0.415600 ms CreateObjectMapping: 0.081300 ms MarkObjects: 2.961000 ms  DeleteObjects: 0.089300 ms)

========================================================================
Received Prepare
Registering precompiled user dll's ...
Registered in 0.001867 seconds.
Begin MonoManager ReloadAssembly
Native extension for WindowsStandalone target not found
Native extension for WebGL target not found
Refreshing native plugins compatible for Editor in 0.65 ms, found 0 plugins.
Preloading 0 native plugins for Editor in 0.00 ms.
Mono: successfully reloaded assembly
- Completed reload, in  1.426 seconds
Platform modules already initialized, skipping
Shader 'Universal Render Pipeline/Particles/Lit': fallback shader 'Universal Render Pipeline/Particles/SimpleLit' not found
Refreshing native plugins compatible for Editor in 0.53 ms, found 0 plugins.
Preloading 0 native plugins for Editor in 0.00 ms.
Unloading 3117 Unused Serialized files (Serialized files now loaded: 0)
System memory in use before: 159.2 MB.
System memory in use after: 159.4 MB.

Unloading 7 unused Assets to reduce memory usage. Loaded Objects now: 3744.
Total: 3.560900 ms (FindLiveObjects: 0.371000 ms CreateObjectMapping: 0.077900 ms MarkObjects: 3.025900 ms  DeleteObjects: 0.084100 ms)

========================================================================
Received Prepare
Registering precompiled user dll's ...
Registered in 0.002117 seconds.
Begin MonoManager ReloadAssembly
Native extension for WindowsStandalone target not found
Native extension for WebGL target not found
Refreshing native plugins compatible for Editor in 0.71 ms, found 0 plugins.
Preloading 0 native plugins for Editor in 0.00 ms.
Mono: successfully reloaded assembly
- Completed reload, in  1.340 seconds
Platform modules already initialized, skipping
Shader 'Universal Render Pipeline/Particles/Lit': fallback shader 'Universal Render Pipeline/Particles/SimpleLit' not found
Refreshing native plugins compatible for Editor in 0.53 ms, found 0 plugins.
Preloading 0 native plugins for Editor in 0.00 ms.
Unloading 3117 Unused Serialized files (Serialized files now loaded: 0)
System memory in use before: 159.2 MB.
System memory in use after: 159.4 MB.

Unloading 7 unused Assets to reduce memory usage. Loaded Objects now: 3746.
Total: 2.663900 ms (FindLiveObjects: 0.375000 ms CreateObjectMapping: 0.080700 ms MarkObjects: 2.135200 ms  DeleteObjects: 0.072100 ms)

========================================================================
Received Prepare
Registering precompiled user dll's ...
Registered in 0.001840 seconds.
Begin MonoManager ReloadAssembly
Native extension for WindowsStandalone target not found
Native extension for WebGL target not found
Refreshing native plugins compatible for Editor in 0.54 ms, found 0 plugins.
Preloading 0 native plugins for Editor in 0.00 ms.
Mono: successfully reloaded assembly
- Completed reload, in  1.282 seconds
Platform modules already initialized, skipping
Shader 'Universal Render Pipeline/Particles/Lit': fallback shader 'Universal Render Pipeline/Particles/SimpleLit' not found
Refreshing native plugins compatible for Editor in 0.52 ms, found 0 plugins.
Preloading 0 native plugins for Editor in 0.00 ms.
Unloading 3117 Unused Serialized files (Serialized files now loaded: 0)
System memory in use before: 159.2 MB.
System memory in use after: 159.4 MB.

Unloading 7 unused Assets to reduce memory usage. Loaded Objects now: 3748.
Total: 3.110700 ms (FindLiveObjects: 0.476500 ms CreateObjectMapping: 0.108300 ms MarkObjects: 2.452900 ms  DeleteObjects: 0.072000 ms)

========================================================================
Received Prepare
Registering precompiled user dll's ...
Registered in 0.002594 seconds.
Begin MonoManager ReloadAssembly
Native extension for WindowsStandalone target not found
Native extension for WebGL target not found
Refreshing native plugins compatible for Editor in 0.56 ms, found 0 plugins.
Preloading 0 native plugins for Editor in 0.00 ms.
Mono: successfully reloaded assembly
- Completed reload, in  1.378 seconds
Platform modules already initialized, skipping
Shader 'Universal Render Pipeline/Particles/Lit': fallback shader 'Universal Render Pipeline/Particles/SimpleLit' not found
Refreshing native plugins compatible for Editor in 0.54 ms, found 0 plugins.
Preloading 0 native plugins for Editor in 0.00 ms.
Unloading 3117 Unused Serialized files (Serialized files now loaded: 0)
System memory in use before: 159.2 MB.
System memory in use after: 159.4 MB.

Unloading 7 unused Assets to reduce memory usage. Loaded Objects now: 3750.
Total: 2.988400 ms (FindLiveObjects: 0.353600 ms CreateObjectMapping: 0.081800 ms MarkObjects: 2.469000 ms  DeleteObjects: 0.082900 ms)

========================================================================
Received Prepare
Registering precompiled user dll's ...
Registered in 0.002047 seconds.
Begin MonoManager ReloadAssembly
Native extension for WindowsStandalone target not found
Native extension for WebGL target not found
Refreshing native plugins compatible for Editor in 0.52 ms, found 0 plugins.
Preloading 0 native plugins for Editor in 0.00 ms.
Mono: successfully reloaded assembly
- Completed reload, in  1.289 seconds
Platform modules already initialized, skipping
Shader 'Universal Render Pipeline/Particles/Lit': fallback shader 'Universal Render Pipeline/Particles/SimpleLit' not found
Refreshing native plugins compatible for Editor in 0.52 ms, found 0 plugins.
Preloading 0 native plugins for Editor in 0.00 ms.
Unloading 3117 Unused Serialized files (Serialized files now loaded: 0)
System memory in use before: 159.2 MB.
System memory in use after: 159.4 MB.

Unloading 7 unused Assets to reduce memory usage. Loaded Objects now: 3752.
Total: 3.012700 ms (FindLiveObjects: 0.353500 ms CreateObjectMapping: 0.079800 ms MarkObjects: 2.494300 ms  DeleteObjects: 0.083700 ms)

========================================================================
Received Prepare
Registering precompiled user dll's ...
Registered in 0.001812 seconds.
Begin MonoManager ReloadAssembly
Native extension for WindowsStandalone target not found
Native extension for WebGL target not found
Refreshing native plugins compatible for Editor in 0.93 ms, found 0 plugins.
Preloading 0 native plugins for Editor in 0.00 ms.
Mono: successfully reloaded assembly
- Completed reload, in  1.432 seconds
Platform modules already initialized, skipping
Shader 'Universal Render Pipeline/Particles/Lit': fallback shader 'Universal Render Pipeline/Particles/SimpleLit' not found
Refreshing native plugins compatible for Editor in 0.55 ms, found 0 plugins.
Preloading 0 native plugins for Editor in 0.00 ms.
Unloading 3117 Unused Serialized files (Serialized files now loaded: 0)
System memory in use before: 159.2 MB.
System memory in use after: 159.4 MB.

Unloading 7 unused Assets to reduce memory usage. Loaded Objects now: 3754.
Total: 2.615900 ms (FindLiveObjects: 0.387900 ms CreateObjectMapping: 0.080800 ms MarkObjects: 2.074900 ms  DeleteObjects: 0.071500 ms)

========================================================================
Received Prepare
Registering precompiled user dll's ...
Registered in 0.002693 seconds.
Begin MonoManager ReloadAssembly
Native extension for WindowsStandalone target not found
Native extension for WebGL target not found
Refreshing native plugins compatible for Editor in 0.66 ms, found 0 plugins.
Preloading 0 native plugins for Editor in 0.00 ms.
Mono: successfully reloaded assembly
- Completed reload, in  1.382 seconds
Platform modules already initialized, skipping
Shader 'Universal Render Pipeline/Particles/Lit': fallback shader 'Universal Render Pipeline/Particles/SimpleLit' not found
Refreshing native plugins compatible for Editor in 0.55 ms, found 0 plugins.
Preloading 0 native plugins for Editor in 0.00 ms.
Unloading 3117 Unused Serialized files (Serialized files now loaded: 0)
System memory in use before: 159.2 MB.
System memory in use after: 159.4 MB.

Unloading 7 unused Assets to reduce memory usage. Loaded Objects now: 3756.
Total: 3.779500 ms (FindLiveObjects: 0.452800 ms CreateObjectMapping: 0.093900 ms MarkObjects: 3.145900 ms  DeleteObjects: 0.085500 ms)

========================================================================
Received Prepare
Registering precompiled user dll's ...
Registered in 0.001906 seconds.
Begin MonoManager ReloadAssembly
Native extension for WindowsStandalone target not found
Native extension for WebGL target not found
Refreshing native plugins compatible for Editor in 0.54 ms, found 0 plugins.
Preloading 0 native plugins for Editor in 0.00 ms.
Mono: successfully reloaded assembly
- Completed reload, in  1.489 seconds
Platform modules already initialized, skipping
Shader 'Universal Render Pipeline/Particles/Lit': fallback shader 'Universal Render Pipeline/Particles/SimpleLit' not found
Refreshing native plugins compatible for Editor in 0.54 ms, found 0 plugins.
Preloading 0 native plugins for Editor in 0.00 ms.
Unloading 3117 Unused Serialized files (Serialized files now loaded: 0)
System memory in use before: 159.2 MB.
System memory in use after: 159.5 MB.

Unloading 7 unused Assets to reduce memory usage. Loaded Objects now: 3758.
Total: 3.295100 ms (FindLiveObjects: 0.419200 ms CreateObjectMapping: 0.081100 ms MarkObjects: 2.708000 ms  DeleteObjects: 0.085300 ms)

========================================================================
Received Prepare
Registering precompiled user dll's ...
Registered in 0.001794 seconds.
Begin MonoManager ReloadAssembly
Native extension for WindowsStandalone target not found
Native extension for WebGL target not found
Refreshing native plugins compatible for Editor in 0.67 ms, found 0 plugins.
Preloading 0 native plugins for Editor in 0.00 ms.
Mono: successfully reloaded assembly
- Completed reload, in  1.380 seconds
Platform modules already initialized, skipping
Shader 'Universal Render Pipeline/Particles/Lit': fallback shader 'Universal Render Pipeline/Particles/SimpleLit' not found
Refreshing native plugins compatible for Editor in 0.53 ms, found 0 plugins.
Preloading 0 native plugins for Editor in 0.00 ms.
Unloading 3117 Unused Serialized files (Serialized files now loaded: 0)
System memory in use before: 159.2 MB.
System memory in use after: 159.5 MB.

Unloading 7 unused Assets to reduce memory usage. Loaded Objects now: 3760.
Total: 3.536500 ms (FindLiveObjects: 0.667900 ms CreateObjectMapping: 0.194200 ms MarkObjects: 2.587600 ms  DeleteObjects: 0.085100 ms)

========================================================================
Received Prepare
Registering precompiled user dll's ...
Registered in 0.001854 seconds.
Begin MonoManager ReloadAssembly
Native extension for WindowsStandalone target not found
Native extension for WebGL target not found
Refreshing native plugins compatible for Editor in 0.52 ms, found 0 plugins.
Preloading 0 native plugins for Editor in 0.00 ms.
Mono: successfully reloaded assembly
- Completed reload, in  1.281 seconds
Platform modules already initialized, skipping
Shader 'Universal Render Pipeline/Particles/Lit': fallback shader 'Universal Render Pipeline/Particles/SimpleLit' not found
Refreshing native plugins compatible for Editor in 0.53 ms, found 0 plugins.
Preloading 0 native plugins for Editor in 0.00 ms.
Unloading 3117 Unused Serialized files (Serialized files now loaded: 0)
System memory in use before: 159.3 MB.
System memory in use after: 159.5 MB.

Unloading 7 unused Assets to reduce memory usage. Loaded Objects now: 3762.
Total: 2.700300 ms (FindLiveObjects: 0.399900 ms CreateObjectMapping: 0.078400 ms MarkObjects: 2.153800 ms  DeleteObjects: 0.067100 ms)

========================================================================
Received Prepare
Registering precompiled user dll's ...
Registered in 0.001796 seconds.
Begin MonoManager ReloadAssembly
Native extension for WindowsStandalone target not found
Native extension for WebGL target not found
Refreshing native plugins compatible for Editor in 0.54 ms, found 0 plugins.
Preloading 0 native plugins for Editor in 0.00 ms.
Mono: successfully reloaded assembly
- Completed reload, in  1.286 seconds
Platform modules already initialized, skipping
Shader 'Universal Render Pipeline/Particles/Lit': fallback shader 'Universal Render Pipeline/Particles/SimpleLit' not found
Refreshing native plugins compatible for Editor in 0.52 ms, found 0 plugins.
Preloading 0 native plugins for Editor in 0.00 ms.
Unloading 3117 Unused Serialized files (Serialized files now loaded: 0)
System memory in use before: 159.3 MB.
System memory in use after: 159.5 MB.

Unloading 7 unused Assets to reduce memory usage. Loaded Objects now: 3764.
Total: 2.786200 ms (FindLiveObjects: 0.358900 ms CreateObjectMapping: 0.083000 ms MarkObjects: 2.270100 ms  DeleteObjects: 0.073000 ms)

========================================================================
Received Prepare
Registering precompiled user dll's ...
Registered in 0.001831 seconds.
Begin MonoManager ReloadAssembly
Native extension for WindowsStandalone target not found
Native extension for WebGL target not found
Refreshing native plugins compatible for Editor in 0.61 ms, found 0 plugins.
Preloading 0 native plugins for Editor in 0.00 ms.
Mono: successfully reloaded assembly
- Completed reload, in  1.432 seconds
Platform modules already initialized, skipping
Shader 'Universal Render Pipeline/Particles/Lit': fallback shader 'Universal Render Pipeline/Particles/SimpleLit' not found
Refreshing native plugins compatible for Editor in 0.52 ms, found 0 plugins.
Preloading 0 native plugins for Editor in 0.00 ms.
Unloading 3117 Unused Serialized files (Serialized files now loaded: 0)
System memory in use before: 159.3 MB.
System memory in use after: 159.5 MB.

Unloading 7 unused Assets to reduce memory usage. Loaded Objects now: 3766.
Total: 2.945100 ms (FindLiveObjects: 0.363800 ms CreateObjectMapping: 0.075900 ms MarkObjects: 2.426000 ms  DeleteObjects: 0.078300 ms)

========================================================================
Received Prepare
Registering precompiled user dll's ...
Registered in 0.002263 seconds.
Begin MonoManager ReloadAssembly
Native extension for WindowsStandalone target not found
Native extension for WebGL target not found
Refreshing native plugins compatible for Editor in 0.53 ms, found 0 plugins.
Preloading 0 native plugins for Editor in 0.00 ms.
Mono: successfully reloaded assembly
- Completed reload, in  1.287 seconds
Platform modules already initialized, skipping
Shader 'Universal Render Pipeline/Particles/Lit': fallback shader 'Universal Render Pipeline/Particles/SimpleLit' not found
Refreshing native plugins compatible for Editor in 0.52 ms, found 0 plugins.
Preloading 0 native plugins for Editor in 0.00 ms.
Unloading 3117 Unused Serialized files (Serialized files now loaded: 0)
System memory in use before: 159.3 MB.
System memory in use after: 159.5 MB.

Unloading 7 unused Assets to reduce memory usage. Loaded Objects now: 3768.
Total: 2.805500 ms (FindLiveObjects: 0.329600 ms CreateObjectMapping: 0.078800 ms MarkObjects: 2.314300 ms  DeleteObjects: 0.081500 ms)

========================================================================
Received Prepare
Registering precompiled user dll's ...
Registered in 0.006584 seconds.
Begin MonoManager ReloadAssembly
Native extension for WindowsStandalone target not found
Native extension for WebGL target not found
Refreshing native plugins compatible for Editor in 0.70 ms, found 0 plugins.
Preloading 0 native plugins for Editor in 0.00 ms.
Mono: successfully reloaded assembly
- Completed reload, in  1.476 seconds
Platform modules already initialized, skipping
Shader 'Universal Render Pipeline/Particles/Lit': fallback shader 'Universal Render Pipeline/Particles/SimpleLit' not found
Refreshing native plugins compatible for Editor in 0.58 ms, found 0 plugins.
Preloading 0 native plugins for Editor in 0.00 ms.
Unloading 3117 Unused Serialized files (Serialized files now loaded: 0)
System memory in use before: 159.3 MB.
System memory in use after: 159.5 MB.

Unloading 7 unused Assets to reduce memory usage. Loaded Objects now: 3770.
Total: 3.551700 ms (FindLiveObjects: 0.397600 ms CreateObjectMapping: 0.089200 ms MarkObjects: 2.994600 ms  DeleteObjects: 0.069200 ms)

========================================================================
Received Prepare
Registering precompiled user dll's ...
Registered in 0.001880 seconds.
Begin MonoManager ReloadAssembly
Native extension for WindowsStandalone target not found
Native extension for WebGL target not found
Refreshing native plugins compatible for Editor in 0.52 ms, found 0 plugins.
Preloading 0 native plugins for Editor in 0.00 ms.
Mono: successfully reloaded assembly
- Completed reload, in  1.503 seconds
Platform modules already initialized, skipping
Shader 'Universal Render Pipeline/Particles/Lit': fallback shader 'Universal Render Pipeline/Particles/SimpleLit' not found
Refreshing native plugins compatible for Editor in 0.53 ms, found 0 plugins.
Preloading 0 native plugins for Editor in 0.00 ms.
Unloading 3117 Unused Serialized files (Serialized files now loaded: 0)
System memory in use before: 159.3 MB.
System memory in use after: 159.5 MB.

Unloading 7 unused Assets to reduce memory usage. Loaded Objects now: 3772.
Total: 2.780600 ms (FindLiveObjects: 0.393700 ms CreateObjectMapping: 0.078600 ms MarkObjects: 2.235200 ms  DeleteObjects: 0.072000 ms)

========================================================================
Received Prepare
Registering precompiled user dll's ...
Registered in 0.001915 seconds.
Begin MonoManager ReloadAssembly
Native extension for WindowsStandalone target not found
Native extension for WebGL target not found
Refreshing native plugins compatible for Editor in 0.51 ms, found 0 plugins.
Preloading 0 native plugins for Editor in 0.00 ms.
Mono: successfully reloaded assembly
- Completed reload, in  1.312 seconds
Platform modules already initialized, skipping
Shader 'Universal Render Pipeline/Particles/Lit': fallback shader 'Universal Render Pipeline/Particles/SimpleLit' not found
Refreshing native plugins compatible for Editor in 0.51 ms, found 0 plugins.
Preloading 0 native plugins for Editor in 0.00 ms.
Unloading 3117 Unused Serialized files (Serialized files now loaded: 0)
System memory in use before: 159.3 MB.
System memory in use after: 159.5 MB.

Unloading 7 unused Assets to reduce memory usage. Loaded Objects now: 3774.
Total: 3.029300 ms (FindLiveObjects: 0.367700 ms CreateObjectMapping: 0.078900 ms MarkObjects: 2.502600 ms  DeleteObjects: 0.078500 ms)

========================================================================
Received Prepare
Registering precompiled user dll's ...
Registered in 0.001803 seconds.
Begin MonoManager ReloadAssembly
Native extension for WindowsStandalone target not found
Native extension for WebGL target not found
Refreshing native plugins compatible for Editor in 0.71 ms, found 0 plugins.
Preloading 0 native plugins for Editor in 0.00 ms.
Mono: successfully reloaded assembly
- Completed reload, in  1.249 seconds
Platform modules already initialized, skipping
Shader 'Universal Render Pipeline/Particles/Lit': fallback shader 'Universal Render Pipeline/Particles/SimpleLit' not found
Refreshing native plugins compatible for Editor in 0.57 ms, found 0 plugins.
Preloading 0 native plugins for Editor in 0.00 ms.
Unloading 3117 Unused Serialized files (Serialized files now loaded: 0)
System memory in use before: 159.3 MB.
System memory in use after: 159.5 MB.

Unloading 7 unused Assets to reduce memory usage. Loaded Objects now: 3776.
Total: 2.535900 ms (FindLiveObjects: 0.329000 ms CreateObjectMapping: 0.077300 ms MarkObjects: 2.065000 ms  DeleteObjects: 0.063300 ms)

========================================================================
Received Prepare
Registering precompiled user dll's ...
Registered in 0.001879 seconds.
Begin MonoManager ReloadAssembly
Native extension for WindowsStandalone target not found
Native extension for WebGL target not found
Refreshing native plugins compatible for Editor in 0.52 ms, found 0 plugins.
Preloading 0 native plugins for Editor in 0.00 ms.
Mono: successfully reloaded assembly
- Completed reload, in  1.264 seconds
Platform modules already initialized, skipping
Shader 'Universal Render Pipeline/Particles/Lit': fallback shader 'Universal Render Pipeline/Particles/SimpleLit' not found
Refreshing native plugins compatible for Editor in 0.53 ms, found 0 plugins.
Preloading 0 native plugins for Editor in 0.00 ms.
Unloading 3117 Unused Serialized files (Serialized files now loaded: 0)
System memory in use before: 159.3 MB.
System memory in use after: 159.5 MB.

Unloading 7 unused Assets to reduce memory usage. Loaded Objects now: 3778.
Total: 3.215800 ms (FindLiveObjects: 0.369300 ms CreateObjectMapping: 0.084600 ms MarkObjects: 2.673700 ms  DeleteObjects: 0.086900 ms)

========================================================================
Received Prepare
Registering precompiled user dll's ...
Registered in 0.007893 seconds.
Begin MonoManager ReloadAssembly
Native extension for WindowsStandalone target not found
Native extension for WebGL target not found
Refreshing native plugins compatible for Editor in 0.53 ms, found 0 plugins.
Preloading 0 native plugins for Editor in 0.00 ms.
Mono: successfully reloaded assembly
- Completed reload, in  1.625 seconds
Platform modules already initialized, skipping
Shader 'Universal Render Pipeline/Particles/Lit': fallback shader 'Universal Render Pipeline/Particles/SimpleLit' not found
Refreshing native plugins compatible for Editor in 0.51 ms, found 0 plugins.
Preloading 0 native plugins for Editor in 0.00 ms.
Unloading 3117 Unused Serialized files (Serialized files now loaded: 0)
System memory in use before: 159.3 MB.
System memory in use after: 159.5 MB.

Unloading 7 unused Assets to reduce memory usage. Loaded Objects now: 3780.
Total: 2.553200 ms (FindLiveObjects: 0.337700 ms CreateObjectMapping: 0.074500 ms MarkObjects: 2.073800 ms  DeleteObjects: 0.065800 ms)

========================================================================
Received Prepare
Registering precompiled user dll's ...
Registered in 0.002786 seconds.
Begin MonoManager ReloadAssembly
Native extension for WindowsStandalone target not found
Native extension for WebGL target not found
Refreshing native plugins compatible for Editor in 0.53 ms, found 0 plugins.
Preloading 0 native plugins for Editor in 0.00 ms.
Mono: successfully reloaded assembly
- Completed reload, in  1.569 seconds
Platform modules already initialized, skipping
Shader 'Universal Render Pipeline/Particles/Lit': fallback shader 'Universal Render Pipeline/Particles/SimpleLit' not found
Refreshing native plugins compatible for Editor in 0.52 ms, found 0 plugins.
Preloading 0 native plugins for Editor in 0.00 ms.
Unloading 3117 Unused Serialized files (Serialized files now loaded: 0)
System memory in use before: 159.3 MB.
System memory in use after: 159.5 MB.

Unloading 7 unused Assets to reduce memory usage. Loaded Objects now: 3782.
Total: 3.266800 ms (FindLiveObjects: 0.363800 ms CreateObjectMapping: 0.078100 ms MarkObjects: 2.751900 ms  DeleteObjects: 0.071900 ms)

========================================================================
Received Prepare
Registering precompiled user dll's ...
Registered in 0.004435 seconds.
Begin MonoManager ReloadAssembly
Native extension for WindowsStandalone target not found
Native extension for WebGL target not found
Refreshing native plugins compatible for Editor in 0.56 ms, found 0 plugins.
Preloading 0 native plugins for Editor in 0.00 ms.
Mono: successfully reloaded assembly
- Completed reload, in  1.446 seconds
Platform modules already initialized, skipping
Shader 'Universal Render Pipeline/Particles/Lit': fallback shader 'Universal Render Pipeline/Particles/SimpleLit' not found
Refreshing native plugins compatible for Editor in 0.52 ms, found 0 plugins.
Preloading 0 native plugins for Editor in 0.00 ms.
Unloading 3117 Unused Serialized files (Serialized files now loaded: 0)
System memory in use before: 159.3 MB.
System memory in use after: 159.5 MB.

Unloading 7 unused Assets to reduce memory usage. Loaded Objects now: 3784.
Total: 3.615400 ms (FindLiveObjects: 0.538900 ms CreateObjectMapping: 0.112700 ms MarkObjects: 2.885600 ms  DeleteObjects: 0.076400 ms)

========================================================================
Received Prepare
Registering precompiled user dll's ...
Registered in 0.001899 seconds.
Begin MonoManager ReloadAssembly
Native extension for WindowsStandalone target not found
Native extension for WebGL target not found
Refreshing native plugins compatible for Editor in 0.56 ms, found 0 plugins.
Preloading 0 native plugins for Editor in 0.00 ms.
Mono: successfully reloaded assembly
- Completed reload, in  1.393 seconds
Platform modules already initialized, skipping
Shader 'Universal Render Pipeline/Particles/Lit': fallback shader 'Universal Render Pipeline/Particles/SimpleLit' not found
Refreshing native plugins compatible for Editor in 0.62 ms, found 0 plugins.
Preloading 0 native plugins for Editor in 0.00 ms.
Unloading 3117 Unused Serialized files (Serialized files now loaded: 0)
System memory in use before: 159.3 MB.
System memory in use after: 159.5 MB.

Unloading 7 unused Assets to reduce memory usage. Loaded Objects now: 3786.
Total: 2.537500 ms (FindLiveObjects: 0.341300 ms CreateObjectMapping: 0.077400 ms MarkObjects: 2.056400 ms  DeleteObjects: 0.061500 ms)

========================================================================
Received Prepare
Registering precompiled user dll's ...
Registered in 0.002664 seconds.
Begin MonoManager ReloadAssembly
Native extension for WindowsStandalone target not found
Native extension for WebGL target not found
Refreshing native plugins compatible for Editor in 0.68 ms, found 0 plugins.
Preloading 0 native plugins for Editor in 0.00 ms.
Mono: successfully reloaded assembly
- Completed reload, in  1.639 seconds
Platform modules already initialized, skipping
Shader 'Universal Render Pipeline/Particles/Lit': fallback shader 'Universal Render Pipeline/Particles/SimpleLit' not found
Refreshing native plugins compatible for Editor in 0.72 ms, found 0 plugins.
Preloading 0 native plugins for Editor in 0.00 ms.
Unloading 3117 Unused Serialized files (Serialized files now loaded: 0)
System memory in use before: 159.3 MB.
System memory in use after: 159.5 MB.

Unloading 7 unused Assets to reduce memory usage. Loaded Objects now: 3788.
Total: 4.025200 ms (FindLiveObjects: 0.441200 ms CreateObjectMapping: 0.084100 ms MarkObjects: 3.427500 ms  DeleteObjects: 0.069800 ms)

========================================================================
Received Prepare
Registering precompiled user dll's ...
Registered in 0.001827 seconds.
Begin MonoManager ReloadAssembly
Native extension for WindowsStandalone target not found
Native extension for WebGL target not found
Refreshing native plugins compatible for Editor in 0.54 ms, found 0 plugins.
Preloading 0 native plugins for Editor in 0.00 ms.
Mono: successfully reloaded assembly
- Completed reload, in  1.336 seconds
Platform modules already initialized, skipping
Shader 'Universal Render Pipeline/Particles/Lit': fallback shader 'Universal Render Pipeline/Particles/SimpleLit' not found
Refreshing native plugins compatible for Editor in 0.52 ms, found 0 plugins.
Preloading 0 native plugins for Editor in 0.00 ms.
Unloading 3117 Unused Serialized files (Serialized files now loaded: 0)
System memory in use before: 159.3 MB.
System memory in use after: 159.5 MB.

Unloading 7 unused Assets to reduce memory usage. Loaded Objects now: 3790.
Total: 2.881500 ms (FindLiveObjects: 0.482900 ms CreateObjectMapping: 0.110100 ms MarkObjects: 2.218400 ms  DeleteObjects: 0.069300 ms)

========================================================================
Received Prepare
Registering precompiled user dll's ...
Registered in 0.001974 seconds.
Begin MonoManager ReloadAssembly
Native extension for WindowsStandalone target not found
Native extension for WebGL target not found
Refreshing native plugins compatible for Editor in 0.53 ms, found 0 plugins.
Preloading 0 native plugins for Editor in 0.00 ms.
Mono: successfully reloaded assembly
- Completed reload, in  1.659 seconds
Platform modules already initialized, skipping
Shader 'Universal Render Pipeline/Particles/Lit': fallback shader 'Universal Render Pipeline/Particles/SimpleLit' not found
Refreshing native plugins compatible for Editor in 0.52 ms, found 0 plugins.
Preloading 0 native plugins for Editor in 0.00 ms.
Unloading 3117 Unused Serialized files (Serialized files now loaded: 0)
System memory in use before: 159.3 MB.
System memory in use after: 159.5 MB.

Unloading 7 unused Assets to reduce memory usage. Loaded Objects now: 3792.
Total: 2.835400 ms (FindLiveObjects: 0.392600 ms CreateObjectMapping: 0.080600 ms MarkObjects: 2.256400 ms  DeleteObjects: 0.104500 ms)

========================================================================
Received Prepare
Registering precompiled user dll's ...
Registered in 0.002165 seconds.
Begin MonoManager ReloadAssembly
Native extension for WindowsStandalone target not found
Native extension for WebGL target not found
Refreshing native plugins compatible for Editor in 0.74 ms, found 0 plugins.
Preloading 0 native plugins for Editor in 0.00 ms.
Mono: successfully reloaded assembly
- Completed reload, in  1.516 seconds
Platform modules already initialized, skipping
Shader 'Universal Render Pipeline/Particles/Lit': fallback shader 'Universal Render Pipeline/Particles/SimpleLit' not found
Refreshing native plugins compatible for Editor in 0.51 ms, found 0 plugins.
Preloading 0 native plugins for Editor in 0.00 ms.
Unloading 3117 Unused Serialized files (Serialized files now loaded: 0)
System memory in use before: 159.3 MB.
System memory in use after: 159.6 MB.

Unloading 7 unused Assets to reduce memory usage. Loaded Objects now: 3794.
Total: 2.580100 ms (FindLiveObjects: 0.333300 ms CreateObjectMapping: 0.078700 ms MarkObjects: 2.099200 ms  DeleteObjects: 0.067500 ms)

========================================================================
Received Prepare
Registering precompiled user dll's ...
Registered in 0.001799 seconds.
Begin MonoManager ReloadAssembly
Native extension for WindowsStandalone target not found
Native extension for WebGL target not found
Refreshing native plugins compatible for Editor in 0.52 ms, found 0 plugins.
Preloading 0 native plugins for Editor in 0.00 ms.
Mono: successfully reloaded assembly
- Completed reload, in  1.447 seconds
Platform modules already initialized, skipping
Shader 'Universal Render Pipeline/Particles/Lit': fallback shader 'Universal Render Pipeline/Particles/SimpleLit' not found
Refreshing native plugins compatible for Editor in 0.51 ms, found 0 plugins.
Preloading 0 native plugins for Editor in 0.00 ms.
Unloading 3117 Unused Serialized files (Serialized files now loaded: 0)
System memory in use before: 159.4 MB.
System memory in use after: 159.6 MB.

Unloading 7 unused Assets to reduce memory usage. Loaded Objects now: 3796.
Total: 3.234800 ms (FindLiveObjects: 0.368500 ms CreateObjectMapping: 0.087800 ms MarkObjects: 2.699400 ms  DeleteObjects: 0.077900 ms)

========================================================================
Received Prepare
Registering precompiled user dll's ...
Registered in 0.001914 seconds.
Begin MonoManager ReloadAssembly
Native extension for WindowsStandalone target not found
Native extension for WebGL target not found
Refreshing native plugins compatible for Editor in 0.53 ms, found 0 plugins.
Preloading 0 native plugins for Editor in 0.00 ms.
Mono: successfully reloaded assembly
- Completed reload, in  1.371 seconds
Platform modules already initialized, skipping
Shader 'Universal Render Pipeline/Particles/Lit': fallback shader 'Universal Render Pipeline/Particles/SimpleLit' not found
Refreshing native plugins compatible for Editor in 0.54 ms, found 0 plugins.
Preloading 0 native plugins for Editor in 0.00 ms.
Unloading 3117 Unused Serialized files (Serialized files now loaded: 0)
System memory in use before: 159.4 MB.
System memory in use after: 159.6 MB.

Unloading 7 unused Assets to reduce memory usage. Loaded Objects now: 3798.
Total: 2.555300 ms (FindLiveObjects: 0.336000 ms CreateObjectMapping: 0.080300 ms MarkObjects: 2.075500 ms  DeleteObjects: 0.062700 ms)

========================================================================
Received Prepare
Registering precompiled user dll's ...
Registered in 0.001923 seconds.
Begin MonoManager ReloadAssembly
Native extension for WindowsStandalone target not found
Native extension for WebGL target not found
Refreshing native plugins compatible for Editor in 0.53 ms, found 0 plugins.
Preloading 0 native plugins for Editor in 0.00 ms.
Mono: successfully reloaded assembly
- Completed reload, in  1.558 seconds
Platform modules already initialized, skipping
Shader 'Universal Render Pipeline/Particles/Lit': fallback shader 'Universal Render Pipeline/Particles/SimpleLit' not found
Refreshing native plugins compatible for Editor in 0.63 ms, found 0 plugins.
Preloading 0 native plugins for Editor in 0.00 ms.
Unloading 3117 Unused Serialized files (Serialized files now loaded: 0)
System memory in use before: 159.4 MB.
System memory in use after: 159.6 MB.

Unloading 7 unused Assets to reduce memory usage. Loaded Objects now: 3800.
Total: 2.995500 ms (FindLiveObjects: 0.400200 ms CreateObjectMapping: 0.080600 ms MarkObjects: 2.434000 ms  DeleteObjects: 0.079600 ms)

========================================================================
Received Prepare
Registering precompiled user dll's ...
Registered in 0.003106 seconds.
Begin MonoManager ReloadAssembly
Native extension for WindowsStandalone target not found
Native extension for WebGL target not found
Refreshing native plugins compatible for Editor in 0.52 ms, found 0 plugins.
Preloading 0 native plugins for Editor in 0.00 ms.
Mono: successfully reloaded assembly
- Completed reload, in  1.365 seconds
Platform modules already initialized, skipping
Shader 'Universal Render Pipeline/Particles/Lit': fallback shader 'Universal Render Pipeline/Particles/SimpleLit' not found
Refreshing native plugins compatible for Editor in 0.53 ms, found 0 plugins.
Preloading 0 native plugins for Editor in 0.00 ms.
Unloading 3117 Unused Serialized files (Serialized files now loaded: 0)
System memory in use before: 159.4 MB.
System memory in use after: 159.6 MB.

Unloading 7 unused Assets to reduce memory usage. Loaded Objects now: 3802.
Total: 2.809900 ms (FindLiveObjects: 0.395300 ms CreateObjectMapping: 0.082700 ms MarkObjects: 2.251400 ms  DeleteObjects: 0.079500 ms)

========================================================================
Received Prepare
Registering precompiled user dll's ...
Registered in 0.002032 seconds.
Begin MonoManager ReloadAssembly
Native extension for WindowsStandalone target not found
Native extension for WebGL target not found
Refreshing native plugins compatible for Editor in 0.54 ms, found 0 plugins.
Preloading 0 native plugins for Editor in 0.00 ms.
Mono: successfully reloaded assembly
- Completed reload, in  3.085 seconds
Platform modules already initialized, skipping
Shader 'Universal Render Pipeline/Particles/Lit': fallback shader 'Universal Render Pipeline/Particles/SimpleLit' not found
Refreshing native plugins compatible for Editor in 0.63 ms, found 0 plugins.
Preloading 0 native plugins for Editor in 0.00 ms.
Unloading 3117 Unused Serialized files (Serialized files now loaded: 0)
System memory in use before: 159.4 MB.
System memory in use after: 159.6 MB.

Unloading 7 unused Assets to reduce memory usage. Loaded Objects now: 3804.
Total: 2.917000 ms (FindLiveObjects: 0.497900 ms CreateObjectMapping: 0.100200 ms MarkObjects: 2.243000 ms  DeleteObjects: 0.075200 ms)

========================================================================
Received Prepare
Registering precompiled user dll's ...
Registered in 0.001812 seconds.
Begin MonoManager ReloadAssembly
Native extension for WindowsStandalone target not found
Native extension for WebGL target not found
Refreshing native plugins compatible for Editor in 0.53 ms, found 0 plugins.
Preloading 0 native plugins for Editor in 0.00 ms.
Mono: successfully reloaded assembly
- Completed reload, in  1.490 seconds
Platform modules already initialized, skipping
Shader 'Universal Render Pipeline/Particles/Lit': fallback shader 'Universal Render Pipeline/Particles/SimpleLit' not found
Refreshing native plugins compatible for Editor in 0.70 ms, found 0 plugins.
Preloading 0 native plugins for Editor in 0.00 ms.
Unloading 3117 Unused Serialized files (Serialized files now loaded: 0)
System memory in use before: 159.1 MB.
System memory in use after: 159.3 MB.

Unloading 7 unused Assets to reduce memory usage. Loaded Objects now: 3806.
Total: 3.018400 ms (FindLiveObjects: 0.378300 ms CreateObjectMapping: 0.081000 ms MarkObjects: 2.447300 ms  DeleteObjects: 0.110800 ms)

========================================================================
Received Import Request.
  Time since last request: 5217.930884 seconds.
  path: Assets/Gameplay/Scenes/P_12.unity
  artifactKey: Guid(a9a4b96251f1f4343b857b37d351fc46) Importer(815301076,1909f56bfc062723c751e8b465ee728b)
Start importing Assets/Gameplay/Scenes/P_12.unity using Guid(a9a4b96251f1f4343b857b37d351fc46) Importer(815301076,1909f56bfc062723c751e8b465ee728b)  -> (artifact id: '81ec4bbcb6a24eaeeb47cb12766ff936') in 0.060081 seconds
  Import took 0.064812 seconds .

========================================================================
Received Import Request.
  Time since last request: 104.621760 seconds.
  path: Assets/Gameplay/Scenes/GameScene.unity
  artifactKey: Guid(2c6ea59a5f062b84a989fb1490aef6f5) Importer(815301076,1909f56bfc062723c751e8b465ee728b)
Start importing Assets/Gameplay/Scenes/GameScene.unity using Guid(2c6ea59a5f062b84a989fb1490aef6f5) Importer(815301076,1909f56bfc062723c751e8b465ee728b)  -> (artifact id: '5f03489fa23740c8dc4e9368bcef7699') in 0.511416 seconds
  Import took 0.524132 seconds .

========================================================================
Received Prepare
Registering precompiled user dll's ...
Registered in 0.001789 seconds.
Begin MonoManager ReloadAssembly
Native extension for WindowsStandalone target not found
Native extension for WebGL target not found
Refreshing native plugins compatible for Editor in 0.55 ms, found 0 plugins.
Preloading 0 native plugins for Editor in 0.00 ms.
Mono: successfully reloaded assembly
- Completed reload, in  1.592 seconds
Platform modules already initialized, skipping
Shader 'Universal Render Pipeline/Particles/Lit': fallback shader 'Universal Render Pipeline/Particles/SimpleLit' not found
Refreshing native plugins compatible for Editor in 0.52 ms, found 0 plugins.
Preloading 0 native plugins for Editor in 0.00 ms.
Unloading 3117 Unused Serialized files (Serialized files now loaded: 0)
System memory in use before: 159.1 MB.
System memory in use after: 159.3 MB.

Unloading 7 unused Assets to reduce memory usage. Loaded Objects now: 3808.
Total: 2.979800 ms (FindLiveObjects: 0.354600 ms CreateObjectMapping: 0.076500 ms MarkObjects: 2.455300 ms  DeleteObjects: 0.092200 ms)

========================================================================
Received Import Request.
  Time since last request: 32.423288 seconds.
  path: Assets/Gameplay/Scenes/P_12.unity
  artifactKey: Guid(a9a4b96251f1f4343b857b37d351fc46) Importer(815301076,1909f56bfc062723c751e8b465ee728b)
Start importing Assets/Gameplay/Scenes/P_12.unity using Guid(a9a4b96251f1f4343b857b37d351fc46) Importer(815301076,1909f56bfc062723c751e8b465ee728b)  -> (artifact id: '73631a04da6f7ac52ea9953cd4c81b23') in 0.458573 seconds
  Import took 0.463313 seconds .

========================================================================
Received Import Request.
  Time since last request: 32.921382 seconds.
  path: Assets/Gameplay/Scenes/GameScene.unity
  artifactKey: Guid(2c6ea59a5f062b84a989fb1490aef6f5) Importer(815301076,1909f56bfc062723c751e8b465ee728b)
Start importing Assets/Gameplay/Scenes/GameScene.unity using Guid(2c6ea59a5f062b84a989fb1490aef6f5) Importer(815301076,1909f56bfc062723c751e8b465ee728b)  -> (artifact id: '720cfa6e340ebb1944945c498c5f95c9') in 0.489004 seconds
  Import took 0.493643 seconds .

========================================================================
Received Prepare
Registering precompiled user dll's ...
Registered in 0.001996 seconds.
Begin MonoManager ReloadAssembly
Native extension for WindowsStandalone target not found
Native extension for WebGL target not found
Refreshing native plugins compatible for Editor in 0.52 ms, found 0 plugins.
Preloading 0 native plugins for Editor in 0.00 ms.
Mono: successfully reloaded assembly
- Completed reload, in  1.264 seconds
Platform modules already initialized, skipping
Shader 'Universal Render Pipeline/Particles/Lit': fallback shader 'Universal Render Pipeline/Particles/SimpleLit' not found
Refreshing native plugins compatible for Editor in 0.52 ms, found 0 plugins.
Preloading 0 native plugins for Editor in 0.00 ms.
Unloading 3117 Unused Serialized files (Serialized files now loaded: 0)
System memory in use before: 159.1 MB.
System memory in use after: 159.3 MB.

Unloading 7 unused Assets to reduce memory usage. Loaded Objects now: 3810.
Total: 2.634900 ms (FindLiveObjects: 0.368700 ms CreateObjectMapping: 0.077200 ms MarkObjects: 2.104100 ms  DeleteObjects: 0.083500 ms)

========================================================================
Received Prepare
Registering precompiled user dll's ...
Registered in 0.002178 seconds.
Begin MonoManager ReloadAssembly
Native extension for WindowsStandalone target not found
Native extension for WebGL target not found
Refreshing native plugins compatible for Editor in 0.53 ms, found 0 plugins.
Preloading 0 native plugins for Editor in 0.00 ms.
Mono: successfully reloaded assembly
- Completed reload, in  1.467 seconds
Platform modules already initialized, skipping
Shader 'Universal Render Pipeline/Particles/Lit': fallback shader 'Universal Render Pipeline/Particles/SimpleLit' not found
Refreshing native plugins compatible for Editor in 0.52 ms, found 0 plugins.
Preloading 0 native plugins for Editor in 0.00 ms.
Unloading 3117 Unused Serialized files (Serialized files now loaded: 0)
System memory in use before: 159.1 MB.
System memory in use after: 159.3 MB.

Unloading 7 unused Assets to reduce memory usage. Loaded Objects now: 3812.
Total: 3.199000 ms (FindLiveObjects: 0.433600 ms CreateObjectMapping: 0.077200 ms MarkObjects: 2.597100 ms  DeleteObjects: 0.089900 ms)

========================================================================
Received Prepare
Registering precompiled user dll's ...
Registered in 0.002192 seconds.
Begin MonoManager ReloadAssembly
Native extension for WindowsStandalone target not found
Native extension for WebGL target not found
Refreshing native plugins compatible for Editor in 0.68 ms, found 0 plugins.
Preloading 0 native plugins for Editor in 0.00 ms.
Mono: successfully reloaded assembly
- Completed reload, in  1.325 seconds
Platform modules already initialized, skipping
Shader 'Universal Render Pipeline/Particles/Lit': fallback shader 'Universal Render Pipeline/Particles/SimpleLit' not found
Refreshing native plugins compatible for Editor in 0.54 ms, found 0 plugins.
Preloading 0 native plugins for Editor in 0.00 ms.
Unloading 3117 Unused Serialized files (Serialized files now loaded: 0)
System memory in use before: 159.1 MB.
System memory in use after: 159.3 MB.

Unloading 7 unused Assets to reduce memory usage. Loaded Objects now: 3814.
Total: 3.155000 ms (FindLiveObjects: 0.361300 ms CreateObjectMapping: 0.076600 ms MarkObjects: 2.625700 ms  DeleteObjects: 0.089700 ms)

========================================================================
Received Prepare
Registering precompiled user dll's ...
Registered in 0.002501 seconds.
Begin MonoManager ReloadAssembly
Native extension for WindowsStandalone target not found
Native extension for WebGL target not found
Refreshing native plugins compatible for Editor in 0.54 ms, found 0 plugins.
Preloading 0 native plugins for Editor in 0.00 ms.
Mono: successfully reloaded assembly
- Completed reload, in  1.367 seconds
Platform modules already initialized, skipping
Shader 'Universal Render Pipeline/Particles/Lit': fallback shader 'Universal Render Pipeline/Particles/SimpleLit' not found
Refreshing native plugins compatible for Editor in 0.51 ms, found 0 plugins.
Preloading 0 native plugins for Editor in 0.00 ms.
Unloading 3117 Unused Serialized files (Serialized files now loaded: 0)
System memory in use before: 159.1 MB.
System memory in use after: 159.4 MB.

Unloading 7 unused Assets to reduce memory usage. Loaded Objects now: 3816.
Total: 3.040900 ms (FindLiveObjects: 0.412300 ms CreateObjectMapping: 0.081100 ms MarkObjects: 2.444500 ms  DeleteObjects: 0.101200 ms)

========================================================================
Received Prepare
Registering precompiled user dll's ...
Registered in 0.002435 seconds.
Begin MonoManager ReloadAssembly
Native extension for WindowsStandalone target not found
Native extension for WebGL target not found
Refreshing native plugins compatible for Editor in 0.58 ms, found 0 plugins.
Preloading 0 native plugins for Editor in 0.00 ms.
Mono: successfully reloaded assembly
- Completed reload, in  1.392 seconds
Platform modules already initialized, skipping
Shader 'Universal Render Pipeline/Particles/Lit': fallback shader 'Universal Render Pipeline/Particles/SimpleLit' not found
Refreshing native plugins compatible for Editor in 0.52 ms, found 0 plugins.
Preloading 0 native plugins for Editor in 0.00 ms.
Unloading 3117 Unused Serialized files (Serialized files now loaded: 0)
System memory in use before: 159.1 MB.
System memory in use after: 159.4 MB.

Unloading 7 unused Assets to reduce memory usage. Loaded Objects now: 3818.
Total: 2.946400 ms (FindLiveObjects: 0.394300 ms CreateObjectMapping: 0.078100 ms MarkObjects: 2.375300 ms  DeleteObjects: 0.097400 ms)

========================================================================
Received Prepare
Registering precompiled user dll's ...
Registered in 0.081493 seconds.
Begin MonoManager ReloadAssembly
Native extension for WindowsStandalone target not found
Native extension for WebGL target not found
Refreshing native plugins compatible for Editor in 0.84 ms, found 0 plugins.
Preloading 0 native plugins for Editor in 0.00 ms.
Mono: successfully reloaded assembly
- Completed reload, in  1.600 seconds
Platform modules already initialized, skipping
Shader 'Universal Render Pipeline/Particles/Lit': fallback shader 'Universal Render Pipeline/Particles/SimpleLit' not found
Refreshing native plugins compatible for Editor in 0.66 ms, found 0 plugins.
Preloading 0 native plugins for Editor in 0.00 ms.
Unloading 3117 Unused Serialized files (Serialized files now loaded: 0)
System memory in use before: 159.2 MB.
System memory in use after: 159.4 MB.

Unloading 7 unused Assets to reduce memory usage. Loaded Objects now: 3820.
Total: 2.712300 ms (FindLiveObjects: 0.458100 ms CreateObjectMapping: 0.098600 ms MarkObjects: 2.064500 ms  DeleteObjects: 0.090000 ms)

========================================================================
Received Prepare
Registering precompiled user dll's ...
Registered in 0.001868 seconds.
Begin MonoManager ReloadAssembly
Native extension for WindowsStandalone target not found
Native extension for WebGL target not found
Refreshing native plugins compatible for Editor in 0.53 ms, found 0 plugins.
Preloading 0 native plugins for Editor in 0.00 ms.
Mono: successfully reloaded assembly
- Completed reload, in  1.500 seconds
Platform modules already initialized, skipping
Shader 'Universal Render Pipeline/Particles/Lit': fallback shader 'Universal Render Pipeline/Particles/SimpleLit' not found
Refreshing native plugins compatible for Editor in 0.51 ms, found 0 plugins.
Preloading 0 native plugins for Editor in 0.00 ms.
Unloading 3117 Unused Serialized files (Serialized files now loaded: 0)
System memory in use before: 159.2 MB.
System memory in use after: 159.4 MB.

Unloading 7 unused Assets to reduce memory usage. Loaded Objects now: 3822.
Total: 2.863900 ms (FindLiveObjects: 0.357900 ms CreateObjectMapping: 0.078700 ms MarkObjects: 2.330400 ms  DeleteObjects: 0.095600 ms)

========================================================================
Received Prepare
Registering precompiled user dll's ...
Registered in 0.001811 seconds.
Begin MonoManager ReloadAssembly
Native extension for WindowsStandalone target not found
Native extension for WebGL target not found
Refreshing native plugins compatible for Editor in 0.57 ms, found 0 plugins.
Preloading 0 native plugins for Editor in 0.00 ms.
Mono: successfully reloaded assembly
- Completed reload, in  1.448 seconds
Platform modules already initialized, skipping
Shader 'Universal Render Pipeline/Particles/Lit': fallback shader 'Universal Render Pipeline/Particles/SimpleLit' not found
Refreshing native plugins compatible for Editor in 0.66 ms, found 0 plugins.
Preloading 0 native plugins for Editor in 0.00 ms.
Unloading 3117 Unused Serialized files (Serialized files now loaded: 0)
System memory in use before: 159.2 MB.
System memory in use after: 159.4 MB.

Unloading 7 unused Assets to reduce memory usage. Loaded Objects now: 3824.
Total: 4.569100 ms (FindLiveObjects: 0.397900 ms CreateObjectMapping: 0.080200 ms MarkObjects: 3.985600 ms  DeleteObjects: 0.104000 ms)

========================================================================
Received Prepare
Registering precompiled user dll's ...
Registered in 0.001807 seconds.
Begin MonoManager ReloadAssembly
Native extension for WindowsStandalone target not found
Native extension for WebGL target not found
Refreshing native plugins compatible for Editor in 0.57 ms, found 0 plugins.
Preloading 0 native plugins for Editor in 0.00 ms.
Mono: successfully reloaded assembly
- Completed reload, in  1.433 seconds
Platform modules already initialized, skipping
Shader 'Universal Render Pipeline/Particles/Lit': fallback shader 'Universal Render Pipeline/Particles/SimpleLit' not found
Refreshing native plugins compatible for Editor in 0.52 ms, found 0 plugins.
Preloading 0 native plugins for Editor in 0.00 ms.
Unloading 3117 Unused Serialized files (Serialized files now loaded: 0)
System memory in use before: 159.2 MB.
System memory in use after: 159.4 MB.

Unloading 7 unused Assets to reduce memory usage. Loaded Objects now: 3826.
Total: 2.555300 ms (FindLiveObjects: 0.321800 ms CreateObjectMapping: 0.076500 ms MarkObjects: 2.076500 ms  DeleteObjects: 0.079700 ms)

========================================================================
Received Prepare
Registering precompiled user dll's ...
Registered in 0.002377 seconds.
Begin MonoManager ReloadAssembly
Native extension for WindowsStandalone target not found
Native extension for WebGL target not found
Refreshing native plugins compatible for Editor in 0.52 ms, found 0 plugins.
Preloading 0 native plugins for Editor in 0.00 ms.
Mono: successfully reloaded assembly
- Completed reload, in  1.284 seconds
Platform modules already initialized, skipping
Shader 'Universal Render Pipeline/Particles/Lit': fallback shader 'Universal Render Pipeline/Particles/SimpleLit' not found
Refreshing native plugins compatible for Editor in 0.51 ms, found 0 plugins.
Preloading 0 native plugins for Editor in 0.00 ms.
Unloading 3117 Unused Serialized files (Serialized files now loaded: 0)
System memory in use before: 159.2 MB.
System memory in use after: 159.4 MB.

Unloading 7 unused Assets to reduce memory usage. Loaded Objects now: 3828.
Total: 3.650900 ms (FindLiveObjects: 0.570500 ms CreateObjectMapping: 0.157600 ms MarkObjects: 2.823200 ms  DeleteObjects: 0.097700 ms)

========================================================================
Received Prepare
Registering precompiled user dll's ...
Registered in 0.001903 seconds.
Begin MonoManager ReloadAssembly
Native extension for WindowsStandalone target not found
Native extension for WebGL target not found
Refreshing native plugins compatible for Editor in 0.62 ms, found 0 plugins.
Preloading 0 native plugins for Editor in 0.00 ms.
Mono: successfully reloaded assembly
- Completed reload, in  1.439 seconds
Platform modules already initialized, skipping
Shader 'Universal Render Pipeline/Particles/Lit': fallback shader 'Universal Render Pipeline/Particles/SimpleLit' not found
Refreshing native plugins compatible for Editor in 0.89 ms, found 0 plugins.
Preloading 0 native plugins for Editor in 0.00 ms.
Unloading 3117 Unused Serialized files (Serialized files now loaded: 0)
System memory in use before: 159.2 MB.
System memory in use after: 159.4 MB.

Unloading 7 unused Assets to reduce memory usage. Loaded Objects now: 3830.
Total: 2.935000 ms (FindLiveObjects: 0.342500 ms CreateObjectMapping: 0.083600 ms MarkObjects: 2.405900 ms  DeleteObjects: 0.102000 ms)

========================================================================
Received Prepare
Registering precompiled user dll's ...
Registered in 0.002047 seconds.
Begin MonoManager ReloadAssembly
Native extension for WindowsStandalone target not found
Native extension for WebGL target not found
Refreshing native plugins compatible for Editor in 0.54 ms, found 0 plugins.
Preloading 0 native plugins for Editor in 0.00 ms.
Mono: successfully reloaded assembly
- Completed reload, in  1.508 seconds
Platform modules already initialized, skipping
Shader 'Universal Render Pipeline/Particles/Lit': fallback shader 'Universal Render Pipeline/Particles/SimpleLit' not found
Refreshing native plugins compatible for Editor in 0.69 ms, found 0 plugins.
Preloading 0 native plugins for Editor in 0.00 ms.
Unloading 3117 Unused Serialized files (Serialized files now loaded: 0)
System memory in use before: 159.2 MB.
System memory in use after: 159.4 MB.

Unloading 7 unused Assets to reduce memory usage. Loaded Objects now: 3832.
Total: 3.310300 ms (FindLiveObjects: 0.560300 ms CreateObjectMapping: 0.108600 ms MarkObjects: 2.546800 ms  DeleteObjects: 0.093200 ms)

========================================================================
Received Prepare
Registering precompiled user dll's ...
Registered in 0.001994 seconds.
Begin MonoManager ReloadAssembly
Native extension for WindowsStandalone target not found
Native extension for WebGL target not found
Refreshing native plugins compatible for Editor in 0.52 ms, found 0 plugins.
Preloading 0 native plugins for Editor in 0.00 ms.
Mono: successfully reloaded assembly
- Completed reload, in  1.361 seconds
Platform modules already initialized, skipping
Shader 'Universal Render Pipeline/Particles/Lit': fallback shader 'Universal Render Pipeline/Particles/SimpleLit' not found
Refreshing native plugins compatible for Editor in 0.61 ms, found 0 plugins.
Preloading 0 native plugins for Editor in 0.00 ms.
Unloading 3117 Unused Serialized files (Serialized files now loaded: 0)
System memory in use before: 159.2 MB.
System memory in use after: 159.4 MB.

Unloading 7 unused Assets to reduce memory usage. Loaded Objects now: 3834.
Total: 2.685700 ms (FindLiveObjects: 0.359200 ms CreateObjectMapping: 0.077100 ms MarkObjects: 2.157800 ms  DeleteObjects: 0.090700 ms)

========================================================================
Received Prepare
Registering precompiled user dll's ...
Registered in 0.001968 seconds.
Begin MonoManager ReloadAssembly
Native extension for WindowsStandalone target not found
Native extension for WebGL target not found
Refreshing native plugins compatible for Editor in 0.52 ms, found 0 plugins.
Preloading 0 native plugins for Editor in 0.00 ms.
Mono: successfully reloaded assembly
- Completed reload, in  1.512 seconds
Platform modules already initialized, skipping
Shader 'Universal Render Pipeline/Particles/Lit': fallback shader 'Universal Render Pipeline/Particles/SimpleLit' not found
Refreshing native plugins compatible for Editor in 0.52 ms, found 0 plugins.
Preloading 0 native plugins for Editor in 0.00 ms.
Unloading 3117 Unused Serialized files (Serialized files now loaded: 0)
System memory in use before: 159.2 MB.
System memory in use after: 159.4 MB.

Unloading 7 unused Assets to reduce memory usage. Loaded Objects now: 3836.
Total: 3.084000 ms (FindLiveObjects: 0.375900 ms CreateObjectMapping: 0.082700 ms MarkObjects: 2.525300 ms  DeleteObjects: 0.098900 ms)

========================================================================
Received Import Request.
  Time since last request: 644.874772 seconds.
  path: Assets/Gameplay/Scenes/P_6.unity
  artifactKey: Guid(a88d7dba172ce4845b041e27bb39a629) Importer(815301076,1909f56bfc062723c751e8b465ee728b)
Start importing Assets/Gameplay/Scenes/P_6.unity using Guid(a88d7dba172ce4845b041e27bb39a629) Importer(815301076,1909f56bfc062723c751e8b465ee728b)  -> (artifact id: 'da0974addb243838cf098c41089b1760') in 0.052626 seconds
  Import took 0.064420 seconds .

========================================================================
Received Import Request.
  Time since last request: 0.891556 seconds.
  path: Assets/Gameplay/Scenes/P_7.unity
  artifactKey: Guid(485947fbb0c38fd4ba35a443e34a094e) Importer(815301076,1909f56bfc062723c751e8b465ee728b)
Start importing Assets/Gameplay/Scenes/P_7.unity using Guid(485947fbb0c38fd4ba35a443e34a094e) Importer(815301076,1909f56bfc062723c751e8b465ee728b)  -> (artifact id: 'aa216c8d7ea5de11c224f24a8e200fa9') in 0.026861 seconds
  Import took 0.031446 seconds .

========================================================================
Received Prepare
Registering precompiled user dll's ...
Registered in 0.260872 seconds.
Begin MonoManager ReloadAssembly
Native extension for WindowsStandalone target not found
Native extension for WebGL target not found
Refreshing native plugins compatible for Editor in 0.51 ms, found 0 plugins.
Preloading 0 native plugins for Editor in 0.00 ms.
Mono: successfully reloaded assembly
- Completed reload, in 10.010 seconds
Platform modules already initialized, skipping
Shader 'Universal Render Pipeline/Particles/Lit': fallback shader 'Universal Render Pipeline/Particles/SimpleLit' not found
Refreshing native plugins compatible for Editor in 0.63 ms, found 0 plugins.
Preloading 0 native plugins for Editor in 0.00 ms.
Unloading 3117 Unused Serialized files (Serialized files now loaded: 0)
System memory in use before: 159.2 MB.
System memory in use after: 159.4 MB.

Unloading 7 unused Assets to reduce memory usage. Loaded Objects now: 3838.
Total: 3.019800 ms (FindLiveObjects: 0.337900 ms CreateObjectMapping: 0.080700 ms MarkObjects: 2.509500 ms  DeleteObjects: 0.090300 ms)

========================================================================
Received Import Request.
  Time since last request: 10358.541182 seconds.
  path: Assets/Gameplay/Scenes/GameScene.unity
  artifactKey: Guid(2c6ea59a5f062b84a989fb1490aef6f5) Importer(815301076,1909f56bfc062723c751e8b465ee728b)
Start importing Assets/Gameplay/Scenes/GameScene.unity using Guid(2c6ea59a5f062b84a989fb1490aef6f5) Importer(815301076,1909f56bfc062723c751e8b465ee728b)  -> (artifact id: 'af1eb50e2d7ead9b9795431a32e6cc3e') in 0.114194 seconds
  Import took 0.124194 seconds .

========================================================================
Received Import Request.
  Time since last request: 1.337313 seconds.
  path: Assets/Gameplay/Scenes/BuildTessTest.unity
  artifactKey: Guid(82e0e7a48e8ac42438e05091a86892fe) Importer(815301076,1909f56bfc062723c751e8b465ee728b)
Start importing Assets/Gameplay/Scenes/BuildTessTest.unity using Guid(82e0e7a48e8ac42438e05091a86892fe) Importer(815301076,1909f56bfc062723c751e8b465ee728b)  -> (artifact id: '47916bd82fcdf0bf6d72ffe39ecc6370') in 0.057461 seconds
  Import took 0.062551 seconds .

AssetImportWorkerClient::OnTransportError - code=2 error=End of file
