Using pre-set license
Built from '2020.3/release' branch; Version is '2020.3.7f1 (dd97f2c94397) revision 14522354'; Using compiler version '192528614'; Build Type 'Release'
OS: 'Windows 10 Home; OS build 19044.2251; Version 2009; 64bit' Language: 'en' Physical Memory: 16315 MB
BatchMode: 1, IsHumanControllingUs: 0, StartBugReporterOnCrash: 0, Is64bit: 1, IsPro: 0

 COMMAND LINE ARGUMENTS:
C:\Program Files\Unity\Hub\Editor\2020.3.7f1\Editor\Unity.exe
-adb2
-batchMode
-noUpm
-name
AssetImportWorker0
-projectPath
E:/Capstone/CAPSTONE
-logFile
Logs/AssetImportWorker0.log
-srvPort
51243
Successfully changed project path to: E:/Capstone/CAPSTONE
E:/Capstone/CAPSTONE
Using Asset Import Pipeline V2.
Refreshing native plugins compatible for Editor in 54.48 ms, found 0 plugins.
Preloading 0 native plugins for Editor in 0.00 ms.
Initialize engine version: 2020.3.7f1 (dd97f2c94397)
[Subsystems] Discovering subsystems at path C:/Program Files/Unity/Hub/Editor/2020.3.7f1/Editor/Data/Resources/UnitySubsystems
[Subsystems] Discovering subsystems at path E:/Capstone/CAPSTONE/Assets
GfxDevice: creating device client; threaded=0
Direct3D:
    Version:  Direct3D 11.0 [level 11.1]
    Renderer: NVIDIA GeForce GTX 1650 (ID=0x1f0a)
    Vendor:   
    VRAM:     3961 MB
    Driver:   31.0.15.1694
Shader 'Universal Render Pipeline/Particles/Lit': fallback shader 'Universal Render Pipeline/Particles/SimpleLit' not found
Initialize mono
Mono path[0] = 'C:/Program Files/Unity/Hub/Editor/2020.3.7f1/Editor/Data/Managed'
Mono path[1] = 'C:/Program Files/Unity/Hub/Editor/2020.3.7f1/Editor/Data/MonoBleedingEdge/lib/mono/unityjit'
Mono config path = 'C:/Program Files/Unity/Hub/Editor/2020.3.7f1/Editor/Data/MonoBleedingEdge/etc'
Using monoOptions --debugger-agent=transport=dt_socket,embedding=1,server=y,suspend=n,address=127.0.0.1:56396
Begin MonoManager ReloadAssembly
Registering precompiled unity dll's ...
Register platform support module: C:/Program Files/Unity/Hub/Editor/2020.3.7f1/Editor/Data/PlaybackEngines/WebGLSupport/UnityEditor.WebGL.Extensions.dll
Register platform support module: C:/Program Files/Unity/Hub/Editor/2020.3.7f1/Editor/Data/PlaybackEngines/WindowsStandaloneSupport/UnityEditor.WindowsStandalone.Extensions.dll
Registered in 0.007224 seconds.
Native extension for WindowsStandalone target not found
Native extension for WebGL target not found
Refreshing native plugins compatible for Editor in 64.65 ms, found 0 plugins.
Preloading 0 native plugins for Editor in 0.00 ms.
Mono: successfully reloaded assembly
- Completed reload, in  2.037 seconds
Platform modules already initialized, skipping
Registering precompiled user dll's ...
Registered in 0.001815 seconds.
Begin MonoManager ReloadAssembly
Native extension for WindowsStandalone target not found
Native extension for WebGL target not found
Refreshing native plugins compatible for Editor in 59.79 ms, found 0 plugins.
Preloading 0 native plugins for Editor in 0.00 ms.
Mono: successfully reloaded assembly
- Completed reload, in  1.988 seconds
Platform modules already initialized, skipping
========================================================================
Worker process is ready to serve import requests
Shader 'Universal Render Pipeline/Particles/Lit': fallback shader 'Universal Render Pipeline/Particles/SimpleLit' not found
Launched and connected shader compiler UnityShaderCompiler.exe after 0.08 seconds
Refreshing native plugins compatible for Editor in 0.53 ms, found 0 plugins.
Preloading 0 native plugins for Editor in 0.00 ms.
Unloading 3250 Unused Serialized files (Serialized files now loaded: 0)
System memory in use before: 169.7 MB.
System memory in use after: 169.9 MB.

Unloading 12 unused Assets to reduce memory usage. Loaded Objects now: 3713.
Total: 2.706400 ms (FindLiveObjects: 0.398800 ms CreateObjectMapping: 0.083000 ms MarkObjects: 2.129900 ms  DeleteObjects: 0.093800 ms)

========================================================================
Received Import Request.
  path: Assets/Art/Fonts
  artifactKey: Guid(b4e1807b31ae6e24c943306eb5c1929c) Importer(815301076,1909f56bfc062723c751e8b465ee728b)
Start importing Assets/Art/Fonts using Guid(b4e1807b31ae6e24c943306eb5c1929c) Importer(815301076,1909f56bfc062723c751e8b465ee728b)  -> (artifact id: '5ab8a68cb6779c88b97e2c4209bd72b2') in 0.049710 seconds
  Import took 0.054691 seconds .

========================================================================
Received Import Request.
  Time since last request: 44.245545 seconds.
  path: Assets/Art/Fonts/SpaceSuperstars-9rMB.ttf
  artifactKey: Guid(0b60521ee31989f4e87145a1ed1fd706) Importer(815301076,1909f56bfc062723c751e8b465ee728b)
Start importing Assets/Art/Fonts/SpaceSuperstars-9rMB.ttf using Guid(0b60521ee31989f4e87145a1ed1fd706) Importer(815301076,1909f56bfc062723c751e8b465ee728b)  -> (artifact id: '0602284d473b9de73660e06df3e43078') in 0.335214 seconds
  Import took 0.340544 seconds .

========================================================================
Received Import Request.
  Time since last request: 25.174069 seconds.
  path: Assets/Art/Fonts/neuropol.otf
  artifactKey: Guid(614aebddcc1296e4db30b17fa5ded473) Importer(815301076,1909f56bfc062723c751e8b465ee728b)
Start importing Assets/Art/Fonts/neuropol.otf using Guid(614aebddcc1296e4db30b17fa5ded473) Importer(815301076,1909f56bfc062723c751e8b465ee728b)  -> (artifact id: '092a42b365c67cf78f7da6d8e6dcc5dd') in 0.087266 seconds
  Import took 0.096021 seconds .

========================================================================
Received Import Request.
  Time since last request: 48.116402 seconds.
  path: Assets/Art/Fonts/spaceranger.ttf
  artifactKey: Guid(bbf517f5b99b30b4e9365d3dc06495af) Importer(815301076,1909f56bfc062723c751e8b465ee728b)
Start importing Assets/Art/Fonts/spaceranger.ttf using Guid(bbf517f5b99b30b4e9365d3dc06495af) Importer(815301076,1909f56bfc062723c751e8b465ee728b)  -> (artifact id: '21fad2bb906d84dbcbcb1e10813426b0') in 0.076075 seconds
  Import took 0.080817 seconds .

========================================================================
Received Import Request.
  Time since last request: 0.000184 seconds.
  path: Assets/Art/Fonts/spacerangerbold.ttf
  artifactKey: Guid(81c71e0079445ef438cd0b9c7c629d10) Importer(815301076,1909f56bfc062723c751e8b465ee728b)
Start importing Assets/Art/Fonts/spacerangerbold.ttf using Guid(81c71e0079445ef438cd0b9c7c629d10) Importer(815301076,1909f56bfc062723c751e8b465ee728b)  -> (artifact id: 'bb2de26a976f2ff92f14214ce05b85cc') in 0.092727 seconds
  Import took 0.100674 seconds .

========================================================================
Received Import Request.
  Time since last request: 0.000271 seconds.
  path: Assets/Art/Fonts/spaceranger.ttf
  artifactKey: Guid(bbf517f5b99b30b4e9365d3dc06495af) Importer(815301076,1909f56bfc062723c751e8b465ee728b)
Start importing Assets/Art/Fonts/spaceranger.ttf using Guid(bbf517f5b99b30b4e9365d3dc06495af) Importer(815301076,1909f56bfc062723c751e8b465ee728b)  -> (artifact id: '21fad2bb906d84dbcbcb1e10813426b0') in 0.098809 seconds
  Import took 0.103538 seconds .

========================================================================
Received Import Request.
  Time since last request: 0.000170 seconds.
  path: Assets/Art/Fonts/spacerangeracad.ttf
  artifactKey: Guid(07805b91d6ab59242aa25c2c9a14e078) Importer(815301076,1909f56bfc062723c751e8b465ee728b)
Start importing Assets/Art/Fonts/spacerangeracad.ttf using Guid(07805b91d6ab59242aa25c2c9a14e078) Importer(815301076,1909f56bfc062723c751e8b465ee728b)  -> (artifact id: 'ae9cea9bec027bc98112a654ee063fb4') in 0.089055 seconds
  Import took 0.097041 seconds .

========================================================================
Received Import Request.
  Time since last request: 0.000223 seconds.
  path: Assets/Art/Fonts/spacerangercond.ttf
  artifactKey: Guid(ccc928273b895634d9799d4ee22d848c) Importer(815301076,1909f56bfc062723c751e8b465ee728b)
Start importing Assets/Art/Fonts/spacerangercond.ttf using Guid(ccc928273b895634d9799d4ee22d848c) Importer(815301076,1909f56bfc062723c751e8b465ee728b)  -> (artifact id: '6d6b2575c2a16d93217f1575095d6b55') in 0.090751 seconds
  Import took 0.098075 seconds .

========================================================================
Received Import Request.
  Time since last request: 0.000216 seconds.
  path: Assets/Art/Fonts/spacerangerleft.ttf
  artifactKey: Guid(36249bcb56df3b9489020e892d39c787) Importer(815301076,1909f56bfc062723c751e8b465ee728b)
Start importing Assets/Art/Fonts/spacerangerleft.ttf using Guid(36249bcb56df3b9489020e892d39c787) Importer(815301076,1909f56bfc062723c751e8b465ee728b)  -> (artifact id: '31e9058023544fe196233a18aa3d185d') in 0.098417 seconds
  Import took 0.106440 seconds .

========================================================================
Received Import Request.
  Time since last request: 0.000174 seconds.
  path: Assets/Art/Fonts/spacerangerexpand.ttf
  artifactKey: Guid(dbdd0a789ba6a1d41a44194b96532752) Importer(815301076,1909f56bfc062723c751e8b465ee728b)
Start importing Assets/Art/Fonts/spacerangerexpand.ttf using Guid(dbdd0a789ba6a1d41a44194b96532752) Importer(815301076,1909f56bfc062723c751e8b465ee728b)  -> (artifact id: 'c219ff275eb37d11e74ddb089c954925') in 0.122598 seconds
  Import took 0.130935 seconds .

========================================================================
Received Import Request.
  Time since last request: 0.000169 seconds.
  path: Assets/Art/Fonts/spacerangertitle.ttf
  artifactKey: Guid(607e77914be36474995fedf2d797935d) Importer(815301076,1909f56bfc062723c751e8b465ee728b)
Start importing Assets/Art/Fonts/spacerangertitle.ttf using Guid(607e77914be36474995fedf2d797935d) Importer(815301076,1909f56bfc062723c751e8b465ee728b)  -> (artifact id: '81bfa4ce28ace56044dfc9e15d58f918') in 0.102379 seconds
  Import took 0.109858 seconds .

========================================================================
Received Import Request.
  Time since last request: 27.025662 seconds.
  path: Assets/Art/Fonts/OriginTech personal use.ttf
  artifactKey: Guid(98a7aae459732db4fa0ccccf8be22626) Importer(815301076,1909f56bfc062723c751e8b465ee728b)
Start importing Assets/Art/Fonts/OriginTech personal use.ttf using Guid(98a7aae459732db4fa0ccccf8be22626) Importer(815301076,1909f56bfc062723c751e8b465ee728b)  -> (artifact id: '9bb4648a3b1d8aad2ba06a94be6b95f6') in 0.080576 seconds
  Import took 0.092118 seconds .

========================================================================
Received Import Request.
  Time since last request: 0.020610 seconds.
  path: Assets/Art/Fonts/OriginTech personal use.ttf
  artifactKey: Guid(98a7aae459732db4fa0ccccf8be22626) Importer(815301076,1909f56bfc062723c751e8b465ee728b)
Start importing Assets/Art/Fonts/OriginTech personal use.ttf using Guid(98a7aae459732db4fa0ccccf8be22626) Importer(815301076,1909f56bfc062723c751e8b465ee728b)  -> (artifact id: '9bb4648a3b1d8aad2ba06a94be6b95f6') in 0.189007 seconds
  Import took 0.193761 seconds .

========================================================================
Received Import Request.
  Time since last request: 26.717838 seconds.
  path: Assets/Art/Fonts/neuropol SDF.asset
  artifactKey: Guid(8f209c3ce1c786e4bb8a0ce660b62c68) Importer(815301076,1909f56bfc062723c751e8b465ee728b)
Start importing Assets/Art/Fonts/neuropol SDF.asset using Guid(8f209c3ce1c786e4bb8a0ce660b62c68) Importer(815301076,1909f56bfc062723c751e8b465ee728b)  -> (artifact id: '94482e526aaa103bd995022433a9b001') in 0.299942 seconds
  Import took 0.309826 seconds .

========================================================================
Received Import Request.
  Time since last request: 9.904084 seconds.
  path: Assets/Art/Fonts/OriginTech personal use SDF.asset
  artifactKey: Guid(e2253b9a9a211114088a309842163b7e) Importer(815301076,1909f56bfc062723c751e8b465ee728b)
Start importing Assets/Art/Fonts/OriginTech personal use SDF.asset using Guid(e2253b9a9a211114088a309842163b7e) Importer(815301076,1909f56bfc062723c751e8b465ee728b)  -> (artifact id: '993d5b4fe398dbb07b882447194b2fad') in 0.195921 seconds
  Import took 0.206132 seconds .

========================================================================
Received Import Request.
  Time since last request: 7.985108 seconds.
  path: Assets/Art/Fonts/spaceranger SDF.asset
  artifactKey: Guid(09427a2fc22b6c243a4d237015df24c6) Importer(815301076,1909f56bfc062723c751e8b465ee728b)
Start importing Assets/Art/Fonts/spaceranger SDF.asset using Guid(09427a2fc22b6c243a4d237015df24c6) Importer(815301076,1909f56bfc062723c751e8b465ee728b)  -> (artifact id: '35227c003996a12e0cfebc4985f22ab6') in 0.167862 seconds
  Import took 0.177143 seconds .

========================================================================
Received Import Request.
  Time since last request: 9.049359 seconds.
  path: Assets/Art/Fonts/spacerangeracad SDF.asset
  artifactKey: Guid(254609b67c6de8b42ad002c10acd4a35) Importer(815301076,1909f56bfc062723c751e8b465ee728b)
Start importing Assets/Art/Fonts/spacerangeracad SDF.asset using Guid(254609b67c6de8b42ad002c10acd4a35) Importer(815301076,1909f56bfc062723c751e8b465ee728b)  -> (artifact id: 'c3824d6e3d0ee084e5dc138ba0fe77b6') in 0.225882 seconds
  Import took 0.236322 seconds .

========================================================================
Received Import Request.
  Time since last request: 6.584654 seconds.
  path: Assets/Art/Fonts/spacerangerbold SDF.asset
  artifactKey: Guid(7a60049cd2c6c124f952baee3173674b) Importer(815301076,1909f56bfc062723c751e8b465ee728b)
Start importing Assets/Art/Fonts/spacerangerbold SDF.asset using Guid(7a60049cd2c6c124f952baee3173674b) Importer(815301076,1909f56bfc062723c751e8b465ee728b)  -> (artifact id: '9e3d0363b21cb745424d43664cd761c7') in 0.175513 seconds
  Import took 0.185508 seconds .

========================================================================
Received Import Request.
  Time since last request: 6.150365 seconds.
  path: Assets/Art/Fonts/spacerangercond SDF.asset
  artifactKey: Guid(0870cdf2195c49c438abcca07985672f) Importer(815301076,1909f56bfc062723c751e8b465ee728b)
Start importing Assets/Art/Fonts/spacerangercond SDF.asset using Guid(0870cdf2195c49c438abcca07985672f) Importer(815301076,1909f56bfc062723c751e8b465ee728b)  -> (artifact id: '6432a018443bb826240d7a7888f528f0') in 0.108940 seconds
  Import took 0.119327 seconds .

========================================================================
Received Import Request.
  Time since last request: 6.307674 seconds.
  path: Assets/Art/Fonts/spacerangerexpand SDF.asset
  artifactKey: Guid(c779d26f3390ea646bf366558ccbf2b3) Importer(815301076,1909f56bfc062723c751e8b465ee728b)
Start importing Assets/Art/Fonts/spacerangerexpand SDF.asset using Guid(c779d26f3390ea646bf366558ccbf2b3) Importer(815301076,1909f56bfc062723c751e8b465ee728b)  -> (artifact id: 'ddf4be421a6a6cead32f6942f27e8752') in 0.189011 seconds
  Import took 0.194266 seconds .

========================================================================
Received Import Request.
  Time since last request: 5.925863 seconds.
  path: Assets/Art/Fonts/spacerangerleft SDF.asset
  artifactKey: Guid(a09563df8f56cd84e9d0502479a171c1) Importer(815301076,1909f56bfc062723c751e8b465ee728b)
Start importing Assets/Art/Fonts/spacerangerleft SDF.asset using Guid(a09563df8f56cd84e9d0502479a171c1) Importer(815301076,1909f56bfc062723c751e8b465ee728b)  -> (artifact id: 'c9fed0a1fc95de1f49f9d9123894a65c') in 0.138764 seconds
  Import took 0.145089 seconds .

========================================================================
Received Import Request.
  Time since last request: 8.365639 seconds.
  path: Assets/Art/Fonts/spacerangertitle SDF.asset
  artifactKey: Guid(1b6bf0af75c20bc42ac37d6c0d1b0cdf) Importer(815301076,1909f56bfc062723c751e8b465ee728b)
Start importing Assets/Art/Fonts/spacerangertitle SDF.asset using Guid(1b6bf0af75c20bc42ac37d6c0d1b0cdf) Importer(815301076,1909f56bfc062723c751e8b465ee728b)  -> (artifact id: 'f8bab50c944b824673d64e3aafa21e89') in 0.180685 seconds
  Import took 0.185606 seconds .

========================================================================
Received Import Request.
  Time since last request: 6.711611 seconds.
  path: Assets/Art/Fonts/SpaceSuperstars-9rMB SDF.asset
  artifactKey: Guid(76f6188a99a965d49a674b76ea0d0332) Importer(815301076,1909f56bfc062723c751e8b465ee728b)
Start importing Assets/Art/Fonts/SpaceSuperstars-9rMB SDF.asset using Guid(76f6188a99a965d49a674b76ea0d0332) Importer(815301076,1909f56bfc062723c751e8b465ee728b)  -> (artifact id: 'f2f38b6167b1a844cbd64d836eed67cd') in 0.157239 seconds
  Import took 0.162315 seconds .

========================================================================
Received Prepare
Registering precompiled user dll's ...
Registered in 0.002240 seconds.
Begin MonoManager ReloadAssembly
Native extension for WindowsStandalone target not found
Native extension for WebGL target not found
Refreshing native plugins compatible for Editor in 0.62 ms, found 0 plugins.
Preloading 0 native plugins for Editor in 0.00 ms.
Mono: successfully reloaded assembly
- Completed reload, in  1.283 seconds
Platform modules already initialized, skipping
Shader 'Universal Render Pipeline/Particles/Lit': fallback shader 'Universal Render Pipeline/Particles/SimpleLit' not found
Refreshing native plugins compatible for Editor in 0.55 ms, found 0 plugins.
Preloading 0 native plugins for Editor in 0.00 ms.
Unloading 3110 Unused Serialized files (Serialized files now loaded: 0)
System memory in use before: 165.2 MB.
System memory in use after: 165.4 MB.

Unloading 7 unused Assets to reduce memory usage. Loaded Objects now: 3798.
Total: 2.880600 ms (FindLiveObjects: 0.378000 ms CreateObjectMapping: 0.083300 ms MarkObjects: 2.341000 ms  DeleteObjects: 0.077100 ms)

========================================================================
Received Prepare
Registering precompiled user dll's ...
Registered in 0.002132 seconds.
Begin MonoManager ReloadAssembly
Native extension for WindowsStandalone target not found
Native extension for WebGL target not found
Refreshing native plugins compatible for Editor in 0.57 ms, found 0 plugins.
Preloading 0 native plugins for Editor in 0.00 ms.
Mono: successfully reloaded assembly
- Completed reload, in  1.377 seconds
Platform modules already initialized, skipping
Shader 'Universal Render Pipeline/Particles/Lit': fallback shader 'Universal Render Pipeline/Particles/SimpleLit' not found
Refreshing native plugins compatible for Editor in 0.69 ms, found 0 plugins.
Preloading 0 native plugins for Editor in 0.00 ms.
Unloading 3110 Unused Serialized files (Serialized files now loaded: 0)
System memory in use before: 165.2 MB.
System memory in use after: 165.4 MB.

Unloading 7 unused Assets to reduce memory usage. Loaded Objects now: 3800.
Total: 2.743800 ms (FindLiveObjects: 0.382000 ms CreateObjectMapping: 0.085700 ms MarkObjects: 2.207500 ms  DeleteObjects: 0.067300 ms)

========================================================================
Received Prepare
Registering precompiled user dll's ...
Registered in 0.002155 seconds.
Begin MonoManager ReloadAssembly
Native extension for WindowsStandalone target not found
Native extension for WebGL target not found
Refreshing native plugins compatible for Editor in 0.60 ms, found 0 plugins.
Preloading 0 native plugins for Editor in 0.00 ms.
Mono: successfully reloaded assembly
- Completed reload, in  1.305 seconds
Platform modules already initialized, skipping
Shader 'Universal Render Pipeline/Particles/Lit': fallback shader 'Universal Render Pipeline/Particles/SimpleLit' not found
Refreshing native plugins compatible for Editor in 0.55 ms, found 0 plugins.
Preloading 0 native plugins for Editor in 0.00 ms.
Unloading 3110 Unused Serialized files (Serialized files now loaded: 0)
System memory in use before: 165.2 MB.
System memory in use after: 165.4 MB.

Unloading 7 unused Assets to reduce memory usage. Loaded Objects now: 3802.
Total: 2.929000 ms (FindLiveObjects: 0.365900 ms CreateObjectMapping: 0.083100 ms MarkObjects: 2.401700 ms  DeleteObjects: 0.077000 ms)

========================================================================
Received Import Request.
  Time since last request: 1120.989013 seconds.
  path: Assets/Art/Fonts/neuropol SDF.asset
  artifactKey: Guid(8f209c3ce1c786e4bb8a0ce660b62c68) Importer(815301076,1909f56bfc062723c751e8b465ee728b)
Start importing Assets/Art/Fonts/neuropol SDF.asset using Guid(8f209c3ce1c786e4bb8a0ce660b62c68) Importer(815301076,1909f56bfc062723c751e8b465ee728b)  -> (artifact id: 'f12d6ac08ee0a9473a97da2c77840bfa') in 0.307960 seconds
  Import took 0.313173 seconds .

========================================================================
Received Import Request.
  Time since last request: 0.000194 seconds.
  path: Assets/Art/Fonts/spacerangercond SDF.asset
  artifactKey: Guid(0870cdf2195c49c438abcca07985672f) Importer(815301076,1909f56bfc062723c751e8b465ee728b)
Start importing Assets/Art/Fonts/spacerangercond SDF.asset using Guid(0870cdf2195c49c438abcca07985672f) Importer(815301076,1909f56bfc062723c751e8b465ee728b)  -> (artifact id: '15f0e1ab4519234d6acaf9c33741abd3') in 0.108227 seconds
  Import took 0.112952 seconds .

========================================================================
Received Import Request.
  Time since last request: 0.000235 seconds.
  path: Assets/Art/Fonts/spacerangertitle SDF.asset
  artifactKey: Guid(1b6bf0af75c20bc42ac37d6c0d1b0cdf) Importer(815301076,1909f56bfc062723c751e8b465ee728b)
Start importing Assets/Art/Fonts/spacerangertitle SDF.asset using Guid(1b6bf0af75c20bc42ac37d6c0d1b0cdf) Importer(815301076,1909f56bfc062723c751e8b465ee728b)  -> (artifact id: '5839be67cd7be95da06ad7c08d7deedf') in 0.110464 seconds
  Import took 0.115358 seconds .

========================================================================
Received Import Request.
  Time since last request: 0.000187 seconds.
  path: Assets/Art/Fonts/spaceranger SDF.asset
  artifactKey: Guid(09427a2fc22b6c243a4d237015df24c6) Importer(815301076,1909f56bfc062723c751e8b465ee728b)
Start importing Assets/Art/Fonts/spaceranger SDF.asset using Guid(09427a2fc22b6c243a4d237015df24c6) Importer(815301076,1909f56bfc062723c751e8b465ee728b)  -> (artifact id: '57f18440177acb678106eb4cb809707f') in 0.114615 seconds
  Import took 0.119148 seconds .

========================================================================
Received Import Request.
  Time since last request: 0.000232 seconds.
  path: Assets/Art/Fonts/spacerangerbold SDF.asset
  artifactKey: Guid(7a60049cd2c6c124f952baee3173674b) Importer(815301076,1909f56bfc062723c751e8b465ee728b)
Start importing Assets/Art/Fonts/spacerangerbold SDF.asset using Guid(7a60049cd2c6c124f952baee3173674b) Importer(815301076,1909f56bfc062723c751e8b465ee728b)  -> (artifact id: 'cab75003a85bf89995864625da99b1f7') in 0.131648 seconds
  Import took 0.143658 seconds .

========================================================================
Received Import Request.
  Time since last request: 0.000198 seconds.
  path: Assets/Art/Fonts/spacerangerexpand SDF.asset
  artifactKey: Guid(c779d26f3390ea646bf366558ccbf2b3) Importer(815301076,1909f56bfc062723c751e8b465ee728b)
Start importing Assets/Art/Fonts/spacerangerexpand SDF.asset using Guid(c779d26f3390ea646bf366558ccbf2b3) Importer(815301076,1909f56bfc062723c751e8b465ee728b)  -> (artifact id: '76b8b346c5eec540a6f1c93ee4173b1f') in 0.133425 seconds
  Import took 0.138243 seconds .

========================================================================
Received Import Request.
  Time since last request: 0.000167 seconds.
  path: Assets/Art/Fonts/OriginTech personal use SDF.asset
  artifactKey: Guid(e2253b9a9a211114088a309842163b7e) Importer(815301076,1909f56bfc062723c751e8b465ee728b)
Start importing Assets/Art/Fonts/OriginTech personal use SDF.asset using Guid(e2253b9a9a211114088a309842163b7e) Importer(815301076,1909f56bfc062723c751e8b465ee728b)  -> (artifact id: '6e26fb221db1ea54de38854afde3500a') in 0.123459 seconds
  Import took 0.128014 seconds .

========================================================================
Received Import Request.
  Time since last request: 0.000189 seconds.
  path: Assets/Art/Fonts/SpaceSuperstars-9rMB SDF.asset
  artifactKey: Guid(76f6188a99a965d49a674b76ea0d0332) Importer(815301076,1909f56bfc062723c751e8b465ee728b)
Start importing Assets/Art/Fonts/SpaceSuperstars-9rMB SDF.asset using Guid(76f6188a99a965d49a674b76ea0d0332) Importer(815301076,1909f56bfc062723c751e8b465ee728b)  -> (artifact id: '0193236f00bf150d4287d6a66fff811e') in 0.137268 seconds
  Import took 0.147065 seconds .

========================================================================
Received Import Request.
  Time since last request: 0.000228 seconds.
  path: Assets/Art/Fonts/spacerangerleft SDF.asset
  artifactKey: Guid(a09563df8f56cd84e9d0502479a171c1) Importer(815301076,1909f56bfc062723c751e8b465ee728b)
Start importing Assets/Art/Fonts/spacerangerleft SDF.asset using Guid(a09563df8f56cd84e9d0502479a171c1) Importer(815301076,1909f56bfc062723c751e8b465ee728b)  -> (artifact id: 'cc50d94feaa9e25e6f350c0399315329') in 0.097020 seconds
  Import took 0.101789 seconds .

========================================================================
Received Import Request.
  Time since last request: 11.420171 seconds.
  path: Assets/Prefabs/FreqRow.prefab
  artifactKey: Guid(be8ab5a196bc52941aa337ba81f0248b) Importer(815301076,1909f56bfc062723c751e8b465ee728b)
Start importing Assets/Prefabs/FreqRow.prefab using Guid(be8ab5a196bc52941aa337ba81f0248b) Importer(815301076,1909f56bfc062723c751e8b465ee728b)  -> (artifact id: '230c885718b3a96cab4494e87e05d56c') in 0.102659 seconds
  Import took 0.107661 seconds .

========================================================================
Received Import Request.
  Time since last request: 0.005181 seconds.
  path: Assets/Prefabs/FreqRow.prefab
  artifactKey: Guid(be8ab5a196bc52941aa337ba81f0248b) Importer(815301076,1909f56bfc062723c751e8b465ee728b)
Start importing Assets/Prefabs/FreqRow.prefab using Guid(be8ab5a196bc52941aa337ba81f0248b) Importer(815301076,1909f56bfc062723c751e8b465ee728b)  -> (artifact id: '230c885718b3a96cab4494e87e05d56c') in 0.085824 seconds
  Import took 0.090348 seconds .

========================================================================
Received Prepare
Registering precompiled user dll's ...
Registered in 0.002083 seconds.
Begin MonoManager ReloadAssembly
Native extension for WindowsStandalone target not found
Native extension for WebGL target not found
Refreshing native plugins compatible for Editor in 0.55 ms, found 0 plugins.
Preloading 0 native plugins for Editor in 0.00 ms.
Mono: successfully reloaded assembly
- Completed reload, in  1.250 seconds
Platform modules already initialized, skipping
Shader 'Universal Render Pipeline/Particles/Lit': fallback shader 'Universal Render Pipeline/Particles/SimpleLit' not found
Refreshing native plugins compatible for Editor in 0.55 ms, found 0 plugins.
Preloading 0 native plugins for Editor in 0.00 ms.
Unloading 3110 Unused Serialized files (Serialized files now loaded: 0)
System memory in use before: 165.5 MB.
System memory in use after: 165.7 MB.

Unloading 7 unused Assets to reduce memory usage. Loaded Objects now: 3841.
Total: 2.638400 ms (FindLiveObjects: 0.338600 ms CreateObjectMapping: 0.080300 ms MarkObjects: 2.154800 ms  DeleteObjects: 0.063500 ms)

========================================================================
Received Import Request.
  Time since last request: 269.671558 seconds.
  path: Assets/Art/Fonts/spacerangeracad SDF.asset
  artifactKey: Guid(254609b67c6de8b42ad002c10acd4a35) Importer(815301076,1909f56bfc062723c751e8b465ee728b)
Start importing Assets/Art/Fonts/spacerangeracad SDF.asset using Guid(254609b67c6de8b42ad002c10acd4a35) Importer(815301076,1909f56bfc062723c751e8b465ee728b)  -> (artifact id: '5eb6cce8ecbb82aba9f0fb3908a07551') in 0.282254 seconds
  Import took 0.292042 seconds .

========================================================================
Received Prepare
Registering precompiled user dll's ...
Registered in 0.002347 seconds.
Begin MonoManager ReloadAssembly
Native extension for WindowsStandalone target not found
Native extension for WebGL target not found
Refreshing native plugins compatible for Editor in 0.87 ms, found 0 plugins.
Preloading 0 native plugins for Editor in 0.00 ms.
Mono: successfully reloaded assembly
- Completed reload, in  1.968 seconds
Platform modules already initialized, skipping
Shader 'Universal Render Pipeline/Particles/Lit': fallback shader 'Universal Render Pipeline/Particles/SimpleLit' not found
Refreshing native plugins compatible for Editor in 0.57 ms, found 0 plugins.
Preloading 0 native plugins for Editor in 0.00 ms.
Unloading 3111 Unused Serialized files (Serialized files now loaded: 0)
System memory in use before: 165.6 MB.
System memory in use after: 165.8 MB.

Unloading 7 unused Assets to reduce memory usage. Loaded Objects now: 3881.
Total: 2.967700 ms (FindLiveObjects: 0.420800 ms CreateObjectMapping: 0.078800 ms MarkObjects: 2.389300 ms  DeleteObjects: 0.077500 ms)

========================================================================
Received Prepare
Registering precompiled user dll's ...
Registered in 0.002218 seconds.
Begin MonoManager ReloadAssembly
Native extension for WindowsStandalone target not found
Native extension for WebGL target not found
Refreshing native plugins compatible for Editor in 0.56 ms, found 0 plugins.
Preloading 0 native plugins for Editor in 0.00 ms.
Mono: successfully reloaded assembly
- Completed reload, in  1.330 seconds
Platform modules already initialized, skipping
Shader 'Universal Render Pipeline/Particles/Lit': fallback shader 'Universal Render Pipeline/Particles/SimpleLit' not found
Refreshing native plugins compatible for Editor in 0.56 ms, found 0 plugins.
Preloading 0 native plugins for Editor in 0.00 ms.
Unloading 3111 Unused Serialized files (Serialized files now loaded: 0)
System memory in use before: 165.6 MB.
System memory in use after: 165.8 MB.

Unloading 7 unused Assets to reduce memory usage. Loaded Objects now: 3883.
Total: 3.087400 ms (FindLiveObjects: 0.459800 ms CreateObjectMapping: 0.079700 ms MarkObjects: 2.477800 ms  DeleteObjects: 0.068400 ms)

========================================================================
Received Prepare
Registering precompiled user dll's ...
Registered in 0.002250 seconds.
Begin MonoManager ReloadAssembly
Native extension for WindowsStandalone target not found
Native extension for WebGL target not found
Refreshing native plugins compatible for Editor in 0.63 ms, found 0 plugins.
Preloading 0 native plugins for Editor in 0.00 ms.
Mono: successfully reloaded assembly
- Completed reload, in  1.319 seconds
Platform modules already initialized, skipping
Shader 'Universal Render Pipeline/Particles/Lit': fallback shader 'Universal Render Pipeline/Particles/SimpleLit' not found
Refreshing native plugins compatible for Editor in 0.77 ms, found 0 plugins.
Preloading 0 native plugins for Editor in 0.00 ms.
Unloading 3111 Unused Serialized files (Serialized files now loaded: 0)
System memory in use before: 165.6 MB.
System memory in use after: 165.8 MB.

Unloading 7 unused Assets to reduce memory usage. Loaded Objects now: 3885.
Total: 3.907900 ms (FindLiveObjects: 0.626000 ms CreateObjectMapping: 0.165400 ms MarkObjects: 3.028300 ms  DeleteObjects: 0.086500 ms)

========================================================================
Received Import Request.
  Time since last request: 495.715757 seconds.
  path: Assets/Art/handClosed.png
  artifactKey: Guid(d3099de821a6be34da489aed861b9e26) Importer(815301076,1909f56bfc062723c751e8b465ee728b)
Start importing Assets/Art/handClosed.png using Guid(d3099de821a6be34da489aed861b9e26) Importer(815301076,1909f56bfc062723c751e8b465ee728b)  -> (artifact id: '3a1ff08c4e9971054125249343d70a86') in 0.214284 seconds
  Import took 0.219626 seconds .

========================================================================
Received Import Request.
  Time since last request: 0.000200 seconds.
  path: Assets/Art/handOpen.png
  artifactKey: Guid(539325ed668d60247b7d6f0a9b651af5) Importer(815301076,1909f56bfc062723c751e8b465ee728b)
Start importing Assets/Art/handOpen.png using Guid(539325ed668d60247b7d6f0a9b651af5) Importer(815301076,1909f56bfc062723c751e8b465ee728b)  -> (artifact id: 'ebacdd5bd31e1d1284c769802421dd6e') in 0.117895 seconds
  Import took 0.127911 seconds .

========================================================================
Received Import Request.
  Time since last request: 8.051721 seconds.
  path: Assets/Art/handOpen.png
  artifactKey: Guid(539325ed668d60247b7d6f0a9b651af5) Importer(815301076,1909f56bfc062723c751e8b465ee728b)
Start importing Assets/Art/handOpen.png using Guid(539325ed668d60247b7d6f0a9b651af5) Importer(815301076,1909f56bfc062723c751e8b465ee728b)  -> (artifact id: '4c6877090aab9a1c87122758f4d7e079') in 0.110606 seconds
  Import took 0.123125 seconds .

========================================================================
Received Import Request.
  Time since last request: 0.000187 seconds.
  path: Assets/Art/handClosed.png
  artifactKey: Guid(d3099de821a6be34da489aed861b9e26) Importer(815301076,1909f56bfc062723c751e8b465ee728b)
Start importing Assets/Art/handClosed.png using Guid(d3099de821a6be34da489aed861b9e26) Importer(815301076,1909f56bfc062723c751e8b465ee728b)  -> (artifact id: '9076d6449848177ad9265f773a971626') in 0.076186 seconds
  Import took 0.085148 seconds .

========================================================================
Received Prepare
Registering precompiled user dll's ...
Registered in 0.002079 seconds.
Begin MonoManager ReloadAssembly
Native extension for WindowsStandalone target not found
Native extension for WebGL target not found
Refreshing native plugins compatible for Editor in 0.56 ms, found 0 plugins.
Preloading 0 native plugins for Editor in 0.00 ms.
Mono: successfully reloaded assembly
- Completed reload, in  1.292 seconds
Platform modules already initialized, skipping
Shader 'Universal Render Pipeline/Particles/Lit': fallback shader 'Universal Render Pipeline/Particles/SimpleLit' not found
Refreshing native plugins compatible for Editor in 0.55 ms, found 0 plugins.
Preloading 0 native plugins for Editor in 0.00 ms.
Unloading 3111 Unused Serialized files (Serialized files now loaded: 0)
System memory in use before: 165.7 MB.
System memory in use after: 165.9 MB.

Unloading 7 unused Assets to reduce memory usage. Loaded Objects now: 3891.
Total: 3.090900 ms (FindLiveObjects: 0.348800 ms CreateObjectMapping: 0.077000 ms MarkObjects: 2.588100 ms  DeleteObjects: 0.075900 ms)

========================================================================
Received Prepare
Registering precompiled user dll's ...
Registered in 0.001875 seconds.
Begin MonoManager ReloadAssembly
Native extension for WindowsStandalone target not found
Native extension for WebGL target not found
Refreshing native plugins compatible for Editor in 0.61 ms, found 0 plugins.
Preloading 0 native plugins for Editor in 0.00 ms.
Mono: successfully reloaded assembly
- Completed reload, in  1.276 seconds
Platform modules already initialized, skipping
Shader 'Universal Render Pipeline/Particles/Lit': fallback shader 'Universal Render Pipeline/Particles/SimpleLit' not found
Refreshing native plugins compatible for Editor in 0.58 ms, found 0 plugins.
Preloading 0 native plugins for Editor in 0.00 ms.
Unloading 3111 Unused Serialized files (Serialized files now loaded: 0)
System memory in use before: 165.7 MB.
System memory in use after: 165.9 MB.

Unloading 7 unused Assets to reduce memory usage. Loaded Objects now: 3893.
Total: 4.108200 ms (FindLiveObjects: 0.740100 ms CreateObjectMapping: 0.245400 ms MarkObjects: 3.021700 ms  DeleteObjects: 0.098700 ms)

========================================================================
Received Prepare
Registering precompiled user dll's ...
Registered in 0.001840 seconds.
Begin MonoManager ReloadAssembly
Native extension for WindowsStandalone target not found
Native extension for WebGL target not found
Refreshing native plugins compatible for Editor in 0.55 ms, found 0 plugins.
Preloading 0 native plugins for Editor in 0.00 ms.
Mono: successfully reloaded assembly
- Completed reload, in  1.252 seconds
Platform modules already initialized, skipping
Shader 'Universal Render Pipeline/Particles/Lit': fallback shader 'Universal Render Pipeline/Particles/SimpleLit' not found
Refreshing native plugins compatible for Editor in 0.62 ms, found 0 plugins.
Preloading 0 native plugins for Editor in 0.00 ms.
Unloading 3111 Unused Serialized files (Serialized files now loaded: 0)
System memory in use before: 165.7 MB.
System memory in use after: 165.9 MB.

Unloading 7 unused Assets to reduce memory usage. Loaded Objects now: 3895.
Total: 2.834400 ms (FindLiveObjects: 0.365700 ms CreateObjectMapping: 0.080600 ms MarkObjects: 2.318600 ms  DeleteObjects: 0.068500 ms)

========================================================================
Received Prepare
Registering precompiled user dll's ...
Registered in 0.002104 seconds.
Begin MonoManager ReloadAssembly
Native extension for WindowsStandalone target not found
Native extension for WebGL target not found
Refreshing native plugins compatible for Editor in 0.55 ms, found 0 plugins.
Preloading 0 native plugins for Editor in 0.00 ms.
Mono: successfully reloaded assembly
- Completed reload, in  1.246 seconds
Platform modules already initialized, skipping
Shader 'Universal Render Pipeline/Particles/Lit': fallback shader 'Universal Render Pipeline/Particles/SimpleLit' not found
Refreshing native plugins compatible for Editor in 1.04 ms, found 0 plugins.
Preloading 0 native plugins for Editor in 0.00 ms.
Unloading 3111 Unused Serialized files (Serialized files now loaded: 0)
System memory in use before: 165.7 MB.
System memory in use after: 166.0 MB.

Unloading 7 unused Assets to reduce memory usage. Loaded Objects now: 3897.
Total: 5.538100 ms (FindLiveObjects: 0.921700 ms CreateObjectMapping: 0.318500 ms MarkObjects: 4.176400 ms  DeleteObjects: 0.118600 ms)

========================================================================
Received Import Request.
  Time since last request: 131.759041 seconds.
  path: Assets/Art/handOpen.png
  artifactKey: Guid(539325ed668d60247b7d6f0a9b651af5) Importer(815301076,1909f56bfc062723c751e8b465ee728b)
Start importing Assets/Art/handOpen.png using Guid(539325ed668d60247b7d6f0a9b651af5) Importer(815301076,1909f56bfc062723c751e8b465ee728b)  -> (artifact id: 'a138aec6627eff02695c8aa151dd82f7') in 0.102996 seconds
  Import took 0.116934 seconds .

========================================================================
Received Import Request.
  Time since last request: 0.000193 seconds.
  path: Assets/Art/handClosed.png
  artifactKey: Guid(d3099de821a6be34da489aed861b9e26) Importer(815301076,1909f56bfc062723c751e8b465ee728b)
Start importing Assets/Art/handClosed.png using Guid(d3099de821a6be34da489aed861b9e26) Importer(815301076,1909f56bfc062723c751e8b465ee728b)  -> (artifact id: 'db24c5c296f7693f4f3e797d099f79ed') in 0.090312 seconds
  Import took 0.094610 seconds .

========================================================================
Received Prepare
Registering precompiled user dll's ...
Registered in 0.002128 seconds.
Begin MonoManager ReloadAssembly
Native extension for WindowsStandalone target not found
Native extension for WebGL target not found
Refreshing native plugins compatible for Editor in 0.63 ms, found 0 plugins.
Preloading 0 native plugins for Editor in 0.00 ms.
Mono: successfully reloaded assembly
- Completed reload, in  1.313 seconds
Platform modules already initialized, skipping
Shader 'Universal Render Pipeline/Particles/Lit': fallback shader 'Universal Render Pipeline/Particles/SimpleLit' not found
Refreshing native plugins compatible for Editor in 0.57 ms, found 0 plugins.
Preloading 0 native plugins for Editor in 0.00 ms.
Unloading 3111 Unused Serialized files (Serialized files now loaded: 0)
System memory in use before: 165.8 MB.
System memory in use after: 166.0 MB.

Unloading 7 unused Assets to reduce memory usage. Loaded Objects now: 3899.
Total: 2.758600 ms (FindLiveObjects: 0.354000 ms CreateObjectMapping: 0.078400 ms MarkObjects: 2.254800 ms  DeleteObjects: 0.070400 ms)

========================================================================
Received Prepare
Registering precompiled user dll's ...
Registered in 0.001856 seconds.
Begin MonoManager ReloadAssembly
Native extension for WindowsStandalone target not found
Native extension for WebGL target not found
Refreshing native plugins compatible for Editor in 0.55 ms, found 0 plugins.
Preloading 0 native plugins for Editor in 0.00 ms.
Mono: successfully reloaded assembly
- Completed reload, in  1.270 seconds
Platform modules already initialized, skipping
Shader 'Universal Render Pipeline/Particles/Lit': fallback shader 'Universal Render Pipeline/Particles/SimpleLit' not found
Refreshing native plugins compatible for Editor in 0.55 ms, found 0 plugins.
Preloading 0 native plugins for Editor in 0.00 ms.
Unloading 3111 Unused Serialized files (Serialized files now loaded: 0)
System memory in use before: 165.8 MB.
System memory in use after: 166.0 MB.

Unloading 7 unused Assets to reduce memory usage. Loaded Objects now: 3901.
Total: 2.785500 ms (FindLiveObjects: 0.356400 ms CreateObjectMapping: 0.081700 ms MarkObjects: 2.270400 ms  DeleteObjects: 0.076000 ms)

========================================================================
Received Prepare
Registering precompiled user dll's ...
Registered in 0.002186 seconds.
Begin MonoManager ReloadAssembly
Native extension for WindowsStandalone target not found
Native extension for WebGL target not found
Refreshing native plugins compatible for Editor in 0.54 ms, found 0 plugins.
Preloading 0 native plugins for Editor in 0.00 ms.
Mono: successfully reloaded assembly
- Completed reload, in  1.276 seconds
Platform modules already initialized, skipping
Shader 'Universal Render Pipeline/Particles/Lit': fallback shader 'Universal Render Pipeline/Particles/SimpleLit' not found
Refreshing native plugins compatible for Editor in 0.57 ms, found 0 plugins.
Preloading 0 native plugins for Editor in 0.00 ms.
Unloading 3111 Unused Serialized files (Serialized files now loaded: 0)
System memory in use before: 165.8 MB.
System memory in use after: 166.0 MB.

Unloading 7 unused Assets to reduce memory usage. Loaded Objects now: 3903.
Total: 2.765600 ms (FindLiveObjects: 0.366500 ms CreateObjectMapping: 0.077200 ms MarkObjects: 2.249800 ms  DeleteObjects: 0.070500 ms)

========================================================================
Received Prepare
Registering precompiled user dll's ...
Registered in 0.001946 seconds.
Begin MonoManager ReloadAssembly
Native extension for WindowsStandalone target not found
Native extension for WebGL target not found
Refreshing native plugins compatible for Editor in 0.55 ms, found 0 plugins.
Preloading 0 native plugins for Editor in 0.00 ms.
Mono: successfully reloaded assembly
- Completed reload, in  1.357 seconds
Platform modules already initialized, skipping
Shader 'Universal Render Pipeline/Particles/Lit': fallback shader 'Universal Render Pipeline/Particles/SimpleLit' not found
Refreshing native plugins compatible for Editor in 0.55 ms, found 0 plugins.
Preloading 0 native plugins for Editor in 0.00 ms.
Unloading 3111 Unused Serialized files (Serialized files now loaded: 0)
System memory in use before: 165.8 MB.
System memory in use after: 166.0 MB.

Unloading 7 unused Assets to reduce memory usage. Loaded Objects now: 3905.
Total: 2.678000 ms (FindLiveObjects: 0.362300 ms CreateObjectMapping: 0.079300 ms MarkObjects: 2.166300 ms  DeleteObjects: 0.068900 ms)

========================================================================
Received Import Request.
  Time since last request: 477.041299 seconds.
  path: Assets/Prefabs/CommsMessage.prefab
  artifactKey: Guid(5da3e9f654e2e244a899ce077d7c8d47) Importer(815301076,1909f56bfc062723c751e8b465ee728b)
Start importing Assets/Prefabs/CommsMessage.prefab using Guid(5da3e9f654e2e244a899ce077d7c8d47) Importer(815301076,1909f56bfc062723c751e8b465ee728b)  -> (artifact id: '632f1ee1dc1b756652e60c420b1e9c46') in 0.726321 seconds
  Import took 0.731502 seconds .

========================================================================
Received Import Request.
  Time since last request: 23.274233 seconds.
  path: Assets/Prefabs/FreqRow.prefab
  artifactKey: Guid(be8ab5a196bc52941aa337ba81f0248b) Importer(815301076,1909f56bfc062723c751e8b465ee728b)
Start importing Assets/Prefabs/FreqRow.prefab using Guid(be8ab5a196bc52941aa337ba81f0248b) Importer(815301076,1909f56bfc062723c751e8b465ee728b)  -> (artifact id: '97f530c06510d32f28cbe9886f63dae8') in 0.085631 seconds
  Import took 0.094039 seconds .

========================================================================
Received Import Request.
  Time since last request: 26.471628 seconds.
  path: Assets/Prefabs/CommsMessage.prefab
  artifactKey: Guid(5da3e9f654e2e244a899ce077d7c8d47) Importer(815301076,1909f56bfc062723c751e8b465ee728b)
Start importing Assets/Prefabs/CommsMessage.prefab using Guid(5da3e9f654e2e244a899ce077d7c8d47) Importer(815301076,1909f56bfc062723c751e8b465ee728b)  -> (artifact id: '7bc356723b0d451a3ce6ee8f9dc18824') in 0.101606 seconds
  Import took 0.110335 seconds .

========================================================================
Received Prepare
Registering precompiled user dll's ...
Registered in 0.001825 seconds.
Begin MonoManager ReloadAssembly
Native extension for WindowsStandalone target not found
Native extension for WebGL target not found
Refreshing native plugins compatible for Editor in 0.55 ms, found 0 plugins.
Preloading 0 native plugins for Editor in 0.00 ms.
Mono: successfully reloaded assembly
- Completed reload, in  1.266 seconds
Platform modules already initialized, skipping
Shader 'Universal Render Pipeline/Particles/Lit': fallback shader 'Universal Render Pipeline/Particles/SimpleLit' not found
Refreshing native plugins compatible for Editor in 0.54 ms, found 0 plugins.
Preloading 0 native plugins for Editor in 0.00 ms.
Unloading 3111 Unused Serialized files (Serialized files now loaded: 0)
System memory in use before: 165.8 MB.
System memory in use after: 166.0 MB.

Unloading 7 unused Assets to reduce memory usage. Loaded Objects now: 3907.
Total: 2.866400 ms (FindLiveObjects: 0.392100 ms CreateObjectMapping: 0.077800 ms MarkObjects: 2.322700 ms  DeleteObjects: 0.072900 ms)

========================================================================
Received Import Request.
  Time since last request: 249.450334 seconds.
  path: Assets/Art/Fonts/Rajdhani-Zzm3.ttf
  artifactKey: Guid(b440e48c1c721914ba90caa8c5446f47) Importer(815301076,1909f56bfc062723c751e8b465ee728b)
Start importing Assets/Art/Fonts/Rajdhani-Zzm3.ttf using Guid(b440e48c1c721914ba90caa8c5446f47) Importer(815301076,1909f56bfc062723c751e8b465ee728b)  -> (artifact id: '21aeaf15c4d6cbb1945cc2127aa3bfce') in 0.267613 seconds
  Import took 0.272766 seconds .

========================================================================
Received Import Request.
  Time since last request: 0.000277 seconds.
  path: Assets/Art/Fonts/RajdhaniLight-x46m.ttf
  artifactKey: Guid(24b4f2f69ef48a74e92fa8b9345d7596) Importer(815301076,1909f56bfc062723c751e8b465ee728b)
Start importing Assets/Art/Fonts/RajdhaniLight-x46m.ttf using Guid(24b4f2f69ef48a74e92fa8b9345d7596) Importer(815301076,1909f56bfc062723c751e8b465ee728b)  -> (artifact id: '098b0bb76fddda9ad059999e16f0c1c4') in 0.122442 seconds
  Import took 0.141966 seconds .

========================================================================
Received Import Request.
  Time since last request: 15.167281 seconds.
  path: Assets/Art/Fonts/Rajdhani-Zzm3 SDF.asset
  artifactKey: Guid(3f9e4b86e37cd5541a7c2b721e0812d0) Importer(815301076,1909f56bfc062723c751e8b465ee728b)
Start importing Assets/Art/Fonts/Rajdhani-Zzm3 SDF.asset using Guid(3f9e4b86e37cd5541a7c2b721e0812d0) Importer(815301076,1909f56bfc062723c751e8b465ee728b)  -> (artifact id: 'ea6c222ead60eb2de7a8b95fff0fae0f') in 0.261432 seconds
  Import took 0.271323 seconds .

========================================================================
Received Import Request.
  Time since last request: 9.342976 seconds.
  path: Assets/Art/Fonts/RajdhaniLight-x46m SDF.asset
  artifactKey: Guid(ac8405881a8232c4dba04e07c2802154) Importer(815301076,1909f56bfc062723c751e8b465ee728b)
Start importing Assets/Art/Fonts/RajdhaniLight-x46m SDF.asset using Guid(ac8405881a8232c4dba04e07c2802154) Importer(815301076,1909f56bfc062723c751e8b465ee728b)  -> (artifact id: 'fd210ba76d17f74327fac424528c3c03') in 0.108771 seconds
  Import took 0.118910 seconds .

========================================================================
Received Import Request.
  Time since last request: 54.363769 seconds.
  path: Assets/Prefabs/CommsMessage.prefab
  artifactKey: Guid(5da3e9f654e2e244a899ce077d7c8d47) Importer(815301076,1909f56bfc062723c751e8b465ee728b)
Start importing Assets/Prefabs/CommsMessage.prefab using Guid(5da3e9f654e2e244a899ce077d7c8d47) Importer(815301076,1909f56bfc062723c751e8b465ee728b)  -> (artifact id: 'e6137eba15878e31443811b8f559a469') in 0.079656 seconds
  Import took 0.088034 seconds .

========================================================================
Received Import Request.
  Time since last request: 14.114166 seconds.
  path: Assets/Art/Fonts/Rajdhani-Zzm3 SDF.asset
  artifactKey: Guid(3f9e4b86e37cd5541a7c2b721e0812d0) Importer(815301076,1909f56bfc062723c751e8b465ee728b)
Start importing Assets/Art/Fonts/Rajdhani-Zzm3 SDF.asset using Guid(3f9e4b86e37cd5541a7c2b721e0812d0) Importer(815301076,1909f56bfc062723c751e8b465ee728b)  -> (artifact id: '2e1056022bdb23b43cf44930b1af9af2') in 0.138643 seconds
  Import took 0.148490 seconds .

========================================================================
Received Import Request.
  Time since last request: 0.000258 seconds.
  path: Assets/Art/Fonts/RajdhaniLight-x46m SDF.asset
  artifactKey: Guid(ac8405881a8232c4dba04e07c2802154) Importer(815301076,1909f56bfc062723c751e8b465ee728b)
Start importing Assets/Art/Fonts/RajdhaniLight-x46m SDF.asset using Guid(ac8405881a8232c4dba04e07c2802154) Importer(815301076,1909f56bfc062723c751e8b465ee728b)  -> (artifact id: '101ec51ba9d78381ffcbae1399f1998a') in 0.264502 seconds
  Import took 0.269554 seconds .

========================================================================
Received Prepare
Registering precompiled user dll's ...
Registered in 0.002323 seconds.
Begin MonoManager ReloadAssembly
Native extension for WindowsStandalone target not found
Native extension for WebGL target not found
Refreshing native plugins compatible for Editor in 0.55 ms, found 0 plugins.
Preloading 0 native plugins for Editor in 0.00 ms.
Mono: successfully reloaded assembly
- Completed reload, in  1.268 seconds
Platform modules already initialized, skipping
Shader 'Universal Render Pipeline/Particles/Lit': fallback shader 'Universal Render Pipeline/Particles/SimpleLit' not found
Refreshing native plugins compatible for Editor in 0.55 ms, found 0 plugins.
Preloading 0 native plugins for Editor in 0.00 ms.
Unloading 3111 Unused Serialized files (Serialized files now loaded: 0)
System memory in use before: 166.0 MB.
System memory in use after: 166.2 MB.

Unloading 7 unused Assets to reduce memory usage. Loaded Objects now: 3946.
Total: 3.302800 ms (FindLiveObjects: 0.459300 ms CreateObjectMapping: 0.088200 ms MarkObjects: 2.679200 ms  DeleteObjects: 0.074500 ms)

========================================================================
Received Prepare
Registering precompiled user dll's ...
Registered in 0.001976 seconds.
Begin MonoManager ReloadAssembly
Native extension for WindowsStandalone target not found
Native extension for WebGL target not found
Refreshing native plugins compatible for Editor in 0.55 ms, found 0 plugins.
Preloading 0 native plugins for Editor in 0.00 ms.
Mono: successfully reloaded assembly
- Completed reload, in  1.253 seconds
Platform modules already initialized, skipping
Shader 'Universal Render Pipeline/Particles/Lit': fallback shader 'Universal Render Pipeline/Particles/SimpleLit' not found
Refreshing native plugins compatible for Editor in 0.54 ms, found 0 plugins.
Preloading 0 native plugins for Editor in 0.00 ms.
Unloading 3111 Unused Serialized files (Serialized files now loaded: 0)
System memory in use before: 166.0 MB.
System memory in use after: 166.2 MB.

Unloading 7 unused Assets to reduce memory usage. Loaded Objects now: 3948.
Total: 3.726200 ms (FindLiveObjects: 0.459200 ms CreateObjectMapping: 0.079400 ms MarkObjects: 3.106900 ms  DeleteObjects: 0.079000 ms)

========================================================================
Received Import Request.
  Time since last request: 9489.242191 seconds.
  path: Assets/Art/TabArtboard 1.png
  artifactKey: Guid(99baceec1086cf5409f2df656dc769e9) Importer(815301076,1909f56bfc062723c751e8b465ee728b)
Start importing Assets/Art/TabArtboard 1.png using Guid(99baceec1086cf5409f2df656dc769e9) Importer(815301076,1909f56bfc062723c751e8b465ee728b)  -> (artifact id: 'a2daece02e28dfb5a355c635b87c25f4') in 0.264843 seconds
  Import took 0.300640 seconds .

========================================================================
Received Import Request.
  Time since last request: 25.719795 seconds.
  path: Assets/Art/TabArtboard 1.png
  artifactKey: Guid(99baceec1086cf5409f2df656dc769e9) Importer(815301076,1909f56bfc062723c751e8b465ee728b)
Start importing Assets/Art/TabArtboard 1.png using Guid(99baceec1086cf5409f2df656dc769e9) Importer(815301076,1909f56bfc062723c751e8b465ee728b)  -> (artifact id: '351f602a250e59534c3d234a362e323b') in 0.102379 seconds
  Import took 0.107278 seconds .

========================================================================
Received Import Request.
  Time since last request: 37.665007 seconds.
  path: Assets/Art/TabArtboard 1.png
  artifactKey: Guid(99baceec1086cf5409f2df656dc769e9) Importer(815301076,1909f56bfc062723c751e8b465ee728b)
Start importing Assets/Art/TabArtboard 1.png using Guid(99baceec1086cf5409f2df656dc769e9) Importer(815301076,1909f56bfc062723c751e8b465ee728b)  -> (artifact id: '07ed8d25a0168147e21cd857d1fffe8b') in 0.094647 seconds
  Import took 0.102834 seconds .

========================================================================
Received Import Request.
  Time since last request: 5.248739 seconds.
  path: Assets/Art/TabArtboard 1.png
  artifactKey: Guid(99baceec1086cf5409f2df656dc769e9) Importer(815301076,1909f56bfc062723c751e8b465ee728b)
Start importing Assets/Art/TabArtboard 1.png using Guid(99baceec1086cf5409f2df656dc769e9) Importer(815301076,1909f56bfc062723c751e8b465ee728b)  -> (artifact id: 'b7018ea6339f32b192271ee421a61c5f') in 0.113315 seconds
  Import took 0.123163 seconds .

========================================================================
Received Import Request.
  Time since last request: 7.658564 seconds.
  path: Assets/Art/TabArtboard 1.png
  artifactKey: Guid(99baceec1086cf5409f2df656dc769e9) Importer(815301076,1909f56bfc062723c751e8b465ee728b)
Start importing Assets/Art/TabArtboard 1.png using Guid(99baceec1086cf5409f2df656dc769e9) Importer(815301076,1909f56bfc062723c751e8b465ee728b)  -> (artifact id: '7e67cacfddf6c90e469a36f77045ee06') in 0.124165 seconds
  Import took 0.134868 seconds .

========================================================================
Received Import Request.
  Time since last request: 2.807474 seconds.
  path: Assets/Art/TabArtboard 1.png
  artifactKey: Guid(99baceec1086cf5409f2df656dc769e9) Importer(815301076,1909f56bfc062723c751e8b465ee728b)
Start importing Assets/Art/TabArtboard 1.png using Guid(99baceec1086cf5409f2df656dc769e9) Importer(815301076,1909f56bfc062723c751e8b465ee728b)  -> (artifact id: '12843ed1d751141b5212a80b157dc6bd') in 0.127064 seconds
  Import took 0.137506 seconds .

========================================================================
Received Import Request.
  Time since last request: 4.134939 seconds.
  path: Assets/Art/TabArtboard 1.png
  artifactKey: Guid(99baceec1086cf5409f2df656dc769e9) Importer(815301076,1909f56bfc062723c751e8b465ee728b)
Start importing Assets/Art/TabArtboard 1.png using Guid(99baceec1086cf5409f2df656dc769e9) Importer(815301076,1909f56bfc062723c751e8b465ee728b)  -> (artifact id: '8bd34c989c8d4341d8b47f49afde2516') in 0.098741 seconds
  Import took 0.107560 seconds .

========================================================================
Received Import Request.
  Time since last request: 1.949870 seconds.
  path: Assets/Art/TabArtboard 1.png
  artifactKey: Guid(99baceec1086cf5409f2df656dc769e9) Importer(815301076,1909f56bfc062723c751e8b465ee728b)
Start importing Assets/Art/TabArtboard 1.png using Guid(99baceec1086cf5409f2df656dc769e9) Importer(815301076,1909f56bfc062723c751e8b465ee728b)  -> (artifact id: '0be34917cb35f4363e96ee410e7128ee') in 0.090483 seconds
  Import took 0.105282 seconds .

========================================================================
Received Import Request.
  Time since last request: 2.521895 seconds.
  path: Assets/Art/TabArtboard 1.png
  artifactKey: Guid(99baceec1086cf5409f2df656dc769e9) Importer(815301076,1909f56bfc062723c751e8b465ee728b)
Start importing Assets/Art/TabArtboard 1.png using Guid(99baceec1086cf5409f2df656dc769e9) Importer(815301076,1909f56bfc062723c751e8b465ee728b)  -> (artifact id: 'e4fc4c8f9e791e5ad9ffc1ca2408de96') in 0.097933 seconds
  Import took 0.109018 seconds .

========================================================================
Received Prepare
Registering precompiled user dll's ...
Registered in 0.002139 seconds.
Begin MonoManager ReloadAssembly
Native extension for WindowsStandalone target not found
Native extension for WebGL target not found
Refreshing native plugins compatible for Editor in 0.60 ms, found 0 plugins.
Preloading 0 native plugins for Editor in 0.00 ms.
Mono: successfully reloaded assembly
- Completed reload, in  1.476 seconds
Platform modules already initialized, skipping
Shader 'Universal Render Pipeline/Particles/Lit': fallback shader 'Universal Render Pipeline/Particles/SimpleLit' not found
Refreshing native plugins compatible for Editor in 0.59 ms, found 0 plugins.
Preloading 0 native plugins for Editor in 0.00 ms.
Unloading 3111 Unused Serialized files (Serialized files now loaded: 0)
System memory in use before: 166.0 MB.
System memory in use after: 166.2 MB.

Unloading 7 unused Assets to reduce memory usage. Loaded Objects now: 3954.
Total: 3.387200 ms (FindLiveObjects: 0.456900 ms CreateObjectMapping: 0.082600 ms MarkObjects: 2.763800 ms  DeleteObjects: 0.081500 ms)

========================================================================
Received Prepare
Registering precompiled user dll's ...
Registered in 0.001976 seconds.
Begin MonoManager ReloadAssembly
Native extension for WindowsStandalone target not found
Native extension for WebGL target not found
Refreshing native plugins compatible for Editor in 0.54 ms, found 0 plugins.
Preloading 0 native plugins for Editor in 0.00 ms.
Mono: successfully reloaded assembly
- Completed reload, in  1.383 seconds
Platform modules already initialized, skipping
Shader 'Universal Render Pipeline/Particles/Lit': fallback shader 'Universal Render Pipeline/Particles/SimpleLit' not found
Refreshing native plugins compatible for Editor in 0.56 ms, found 0 plugins.
Preloading 0 native plugins for Editor in 0.00 ms.
Unloading 3111 Unused Serialized files (Serialized files now loaded: 0)
System memory in use before: 166.0 MB.
System memory in use after: 166.2 MB.

Unloading 7 unused Assets to reduce memory usage. Loaded Objects now: 3956.
Total: 3.483600 ms (FindLiveObjects: 0.472900 ms CreateObjectMapping: 0.084000 ms MarkObjects: 2.843900 ms  DeleteObjects: 0.081200 ms)

========================================================================
Received Prepare
Registering precompiled user dll's ...
Registered in 0.002015 seconds.
Begin MonoManager ReloadAssembly
Native extension for WindowsStandalone target not found
Native extension for WebGL target not found
Refreshing native plugins compatible for Editor in 0.61 ms, found 0 plugins.
Preloading 0 native plugins for Editor in 0.00 ms.
Mono: successfully reloaded assembly
- Completed reload, in  1.351 seconds
Platform modules already initialized, skipping
Shader 'Universal Render Pipeline/Particles/Lit': fallback shader 'Universal Render Pipeline/Particles/SimpleLit' not found
Refreshing native plugins compatible for Editor in 0.59 ms, found 0 plugins.
Preloading 0 native plugins for Editor in 0.00 ms.
Unloading 3111 Unused Serialized files (Serialized files now loaded: 0)
System memory in use before: 166.0 MB.
System memory in use after: 166.2 MB.

Unloading 7 unused Assets to reduce memory usage. Loaded Objects now: 3958.
Total: 3.627100 ms (FindLiveObjects: 0.405000 ms CreateObjectMapping: 0.078100 ms MarkObjects: 3.046300 ms  DeleteObjects: 0.096500 ms)

========================================================================
Received Prepare
Registering precompiled user dll's ...
Registered in 0.001950 seconds.
Begin MonoManager ReloadAssembly
Native extension for WindowsStandalone target not found
Native extension for WebGL target not found
Refreshing native plugins compatible for Editor in 0.81 ms, found 0 plugins.
Preloading 0 native plugins for Editor in 0.00 ms.
Mono: successfully reloaded assembly
- Completed reload, in  1.361 seconds
Platform modules already initialized, skipping
Shader 'Universal Render Pipeline/Particles/Lit': fallback shader 'Universal Render Pipeline/Particles/SimpleLit' not found
Refreshing native plugins compatible for Editor in 0.60 ms, found 0 plugins.
Preloading 0 native plugins for Editor in 0.00 ms.
Unloading 3111 Unused Serialized files (Serialized files now loaded: 0)
System memory in use before: 166.0 MB.
System memory in use after: 166.2 MB.

Unloading 7 unused Assets to reduce memory usage. Loaded Objects now: 3960.
Total: 3.186900 ms (FindLiveObjects: 0.403700 ms CreateObjectMapping: 0.079100 ms MarkObjects: 2.622300 ms  DeleteObjects: 0.080700 ms)

========================================================================
Received Prepare
Registering precompiled user dll's ...
Registered in 0.002009 seconds.
Begin MonoManager ReloadAssembly
Native extension for WindowsStandalone target not found
Native extension for WebGL target not found
Refreshing native plugins compatible for Editor in 0.62 ms, found 0 plugins.
Preloading 0 native plugins for Editor in 0.00 ms.
Mono: successfully reloaded assembly
- Completed reload, in  1.390 seconds
Platform modules already initialized, skipping
Shader 'Universal Render Pipeline/Particles/Lit': fallback shader 'Universal Render Pipeline/Particles/SimpleLit' not found
Refreshing native plugins compatible for Editor in 0.62 ms, found 0 plugins.
Preloading 0 native plugins for Editor in 0.00 ms.
Unloading 3111 Unused Serialized files (Serialized files now loaded: 0)
System memory in use before: 166.0 MB.
System memory in use after: 166.3 MB.

Unloading 7 unused Assets to reduce memory usage. Loaded Objects now: 3962.
Total: 2.812900 ms (FindLiveObjects: 0.380600 ms CreateObjectMapping: 0.078900 ms MarkObjects: 2.279200 ms  DeleteObjects: 0.073000 ms)

========================================================================
Received Prepare
Registering precompiled user dll's ...
Registered in 0.001862 seconds.
Begin MonoManager ReloadAssembly
Native extension for WindowsStandalone target not found
Native extension for WebGL target not found
Refreshing native plugins compatible for Editor in 0.55 ms, found 0 plugins.
Preloading 0 native plugins for Editor in 0.00 ms.
Mono: successfully reloaded assembly
- Completed reload, in  1.312 seconds
Platform modules already initialized, skipping
Shader 'Universal Render Pipeline/Particles/Lit': fallback shader 'Universal Render Pipeline/Particles/SimpleLit' not found
Refreshing native plugins compatible for Editor in 0.56 ms, found 0 plugins.
Preloading 0 native plugins for Editor in 0.00 ms.
Unloading 3111 Unused Serialized files (Serialized files now loaded: 0)
System memory in use before: 166.0 MB.
System memory in use after: 166.3 MB.

Unloading 7 unused Assets to reduce memory usage. Loaded Objects now: 3964.
Total: 2.738900 ms (FindLiveObjects: 0.388000 ms CreateObjectMapping: 0.078900 ms MarkObjects: 2.199800 ms  DeleteObjects: 0.070900 ms)

========================================================================
Received Prepare
Registering precompiled user dll's ...
Registered in 0.001983 seconds.
Begin MonoManager ReloadAssembly
Native extension for WindowsStandalone target not found
Native extension for WebGL target not found
Refreshing native plugins compatible for Editor in 0.91 ms, found 0 plugins.
Preloading 0 native plugins for Editor in 0.00 ms.
Mono: successfully reloaded assembly
- Completed reload, in  1.485 seconds
Platform modules already initialized, skipping
Shader 'Universal Render Pipeline/Particles/Lit': fallback shader 'Universal Render Pipeline/Particles/SimpleLit' not found
Refreshing native plugins compatible for Editor in 0.70 ms, found 0 plugins.
Preloading 0 native plugins for Editor in 0.00 ms.
Unloading 3111 Unused Serialized files (Serialized files now loaded: 0)
System memory in use before: 166.0 MB.
System memory in use after: 166.3 MB.

Unloading 7 unused Assets to reduce memory usage. Loaded Objects now: 3966.
Total: 3.101700 ms (FindLiveObjects: 0.338200 ms CreateObjectMapping: 0.079700 ms MarkObjects: 2.606700 ms  DeleteObjects: 0.075800 ms)

========================================================================
Received Prepare
Registering precompiled user dll's ...
Registered in 0.001874 seconds.
Begin MonoManager ReloadAssembly
Native extension for WindowsStandalone target not found
Native extension for WebGL target not found
Refreshing native plugins compatible for Editor in 0.58 ms, found 0 plugins.
Preloading 0 native plugins for Editor in 0.00 ms.
Mono: successfully reloaded assembly
- Completed reload, in  1.351 seconds
Platform modules already initialized, skipping
Shader 'Universal Render Pipeline/Particles/Lit': fallback shader 'Universal Render Pipeline/Particles/SimpleLit' not found
Refreshing native plugins compatible for Editor in 0.58 ms, found 0 plugins.
Preloading 0 native plugins for Editor in 0.00 ms.
Unloading 3111 Unused Serialized files (Serialized files now loaded: 0)
System memory in use before: 166.1 MB.
System memory in use after: 166.3 MB.

Unloading 7 unused Assets to reduce memory usage. Loaded Objects now: 3968.
Total: 3.459000 ms (FindLiveObjects: 0.507800 ms CreateObjectMapping: 0.232900 ms MarkObjects: 2.636300 ms  DeleteObjects: 0.081000 ms)

========================================================================
Received Prepare
Registering precompiled user dll's ...
Registered in 0.002003 seconds.
Begin MonoManager ReloadAssembly
Native extension for WindowsStandalone target not found
Native extension for WebGL target not found
Refreshing native plugins compatible for Editor in 0.61 ms, found 0 plugins.
Preloading 0 native plugins for Editor in 0.00 ms.
Mono: successfully reloaded assembly
- Completed reload, in  2.482 seconds
Platform modules already initialized, skipping
Shader 'Universal Render Pipeline/Particles/Lit': fallback shader 'Universal Render Pipeline/Particles/SimpleLit' not found
Refreshing native plugins compatible for Editor in 0.57 ms, found 0 plugins.
Preloading 0 native plugins for Editor in 0.00 ms.
Unloading 3111 Unused Serialized files (Serialized files now loaded: 0)
System memory in use before: 166.1 MB.
System memory in use after: 166.3 MB.

Unloading 7 unused Assets to reduce memory usage. Loaded Objects now: 3970.
Total: 3.141600 ms (FindLiveObjects: 0.406700 ms CreateObjectMapping: 0.085600 ms MarkObjects: 2.566900 ms  DeleteObjects: 0.080900 ms)

========================================================================
Received Prepare
Registering precompiled user dll's ...
Registered in 0.001845 seconds.
Begin MonoManager ReloadAssembly
Native extension for WindowsStandalone target not found
Native extension for WebGL target not found
Refreshing native plugins compatible for Editor in 0.57 ms, found 0 plugins.
Preloading 0 native plugins for Editor in 0.00 ms.
Mono: successfully reloaded assembly
- Completed reload, in  1.301 seconds
Platform modules already initialized, skipping
Shader 'Universal Render Pipeline/Particles/Lit': fallback shader 'Universal Render Pipeline/Particles/SimpleLit' not found
Refreshing native plugins compatible for Editor in 0.77 ms, found 0 plugins.
Preloading 0 native plugins for Editor in 0.00 ms.
Unloading 3111 Unused Serialized files (Serialized files now loaded: 0)
System memory in use before: 166.1 MB.
System memory in use after: 166.3 MB.

Unloading 7 unused Assets to reduce memory usage. Loaded Objects now: 3972.
Total: 3.272900 ms (FindLiveObjects: 0.400500 ms CreateObjectMapping: 0.082800 ms MarkObjects: 2.704400 ms  DeleteObjects: 0.083500 ms)

========================================================================
Received Prepare
Registering precompiled user dll's ...
Registered in 0.001982 seconds.
Begin MonoManager ReloadAssembly
Native extension for WindowsStandalone target not found
Native extension for WebGL target not found
Refreshing native plugins compatible for Editor in 0.62 ms, found 0 plugins.
Preloading 0 native plugins for Editor in 0.00 ms.
Mono: successfully reloaded assembly
- Completed reload, in  1.401 seconds
Platform modules already initialized, skipping
Shader 'Universal Render Pipeline/Particles/Lit': fallback shader 'Universal Render Pipeline/Particles/SimpleLit' not found
Refreshing native plugins compatible for Editor in 0.71 ms, found 0 plugins.
Preloading 0 native plugins for Editor in 0.00 ms.
Unloading 3111 Unused Serialized files (Serialized files now loaded: 0)
System memory in use before: 166.1 MB.
System memory in use after: 166.3 MB.

Unloading 7 unused Assets to reduce memory usage. Loaded Objects now: 3974.
Total: 3.764100 ms (FindLiveObjects: 0.622400 ms CreateObjectMapping: 0.257300 ms MarkObjects: 2.804300 ms  DeleteObjects: 0.077600 ms)

========================================================================
Received Prepare
Registering precompiled user dll's ...
Registered in 0.001918 seconds.
Begin MonoManager ReloadAssembly
Native extension for WindowsStandalone target not found
Native extension for WebGL target not found
Refreshing native plugins compatible for Editor in 0.61 ms, found 0 plugins.
Preloading 0 native plugins for Editor in 0.00 ms.
Mono: successfully reloaded assembly
- Completed reload, in  1.356 seconds
Platform modules already initialized, skipping
Shader 'Universal Render Pipeline/Particles/Lit': fallback shader 'Universal Render Pipeline/Particles/SimpleLit' not found
Refreshing native plugins compatible for Editor in 0.77 ms, found 0 plugins.
Preloading 0 native plugins for Editor in 0.00 ms.
Unloading 3111 Unused Serialized files (Serialized files now loaded: 0)
System memory in use before: 166.1 MB.
System memory in use after: 166.3 MB.

Unloading 7 unused Assets to reduce memory usage. Loaded Objects now: 3976.
Total: 2.778700 ms (FindLiveObjects: 0.389100 ms CreateObjectMapping: 0.077100 ms MarkObjects: 2.242400 ms  DeleteObjects: 0.068800 ms)

========================================================================
Received Prepare
Registering precompiled user dll's ...
Registered in 0.002096 seconds.
Begin MonoManager ReloadAssembly
Native extension for WindowsStandalone target not found
Native extension for WebGL target not found
Refreshing native plugins compatible for Editor in 0.80 ms, found 0 plugins.
Preloading 0 native plugins for Editor in 0.00 ms.
Mono: successfully reloaded assembly
- Completed reload, in  1.811 seconds
Platform modules already initialized, skipping
Shader 'Universal Render Pipeline/Particles/Lit': fallback shader 'Universal Render Pipeline/Particles/SimpleLit' not found
Refreshing native plugins compatible for Editor in 0.56 ms, found 0 plugins.
Preloading 0 native plugins for Editor in 0.00 ms.
Unloading 3111 Unused Serialized files (Serialized files now loaded: 0)
System memory in use before: 166.1 MB.
System memory in use after: 166.3 MB.

Unloading 7 unused Assets to reduce memory usage. Loaded Objects now: 3978.
Total: 3.536200 ms (FindLiveObjects: 0.518500 ms CreateObjectMapping: 0.112900 ms MarkObjects: 2.819100 ms  DeleteObjects: 0.084400 ms)

========================================================================
Received Prepare
Registering precompiled user dll's ...
Registered in 0.002541 seconds.
Begin MonoManager ReloadAssembly
Native extension for WindowsStandalone target not found
Native extension for WebGL target not found
Refreshing native plugins compatible for Editor in 0.58 ms, found 0 plugins.
Preloading 0 native plugins for Editor in 0.00 ms.
Mono: successfully reloaded assembly
- Completed reload, in  1.407 seconds
Platform modules already initialized, skipping
Shader 'Universal Render Pipeline/Particles/Lit': fallback shader 'Universal Render Pipeline/Particles/SimpleLit' not found
Refreshing native plugins compatible for Editor in 0.55 ms, found 0 plugins.
Preloading 0 native plugins for Editor in 0.00 ms.
Unloading 3111 Unused Serialized files (Serialized files now loaded: 0)
System memory in use before: 166.1 MB.
System memory in use after: 166.3 MB.

Unloading 7 unused Assets to reduce memory usage. Loaded Objects now: 3980.
Total: 2.970000 ms (FindLiveObjects: 0.394200 ms CreateObjectMapping: 0.079400 ms MarkObjects: 2.404800 ms  DeleteObjects: 0.090400 ms)

========================================================================
Received Prepare
Registering precompiled user dll's ...
Registered in 0.001883 seconds.
Begin MonoManager ReloadAssembly
Native extension for WindowsStandalone target not found
Native extension for WebGL target not found
Refreshing native plugins compatible for Editor in 0.68 ms, found 0 plugins.
Preloading 0 native plugins for Editor in 0.00 ms.
Mono: successfully reloaded assembly
- Completed reload, in  1.374 seconds
Platform modules already initialized, skipping
Shader 'Universal Render Pipeline/Particles/Lit': fallback shader 'Universal Render Pipeline/Particles/SimpleLit' not found
Refreshing native plugins compatible for Editor in 0.60 ms, found 0 plugins.
Preloading 0 native plugins for Editor in 0.00 ms.
Unloading 3111 Unused Serialized files (Serialized files now loaded: 0)
System memory in use before: 166.1 MB.
System memory in use after: 166.3 MB.

Unloading 7 unused Assets to reduce memory usage. Loaded Objects now: 3982.
Total: 3.515000 ms (FindLiveObjects: 0.441300 ms CreateObjectMapping: 0.091000 ms MarkObjects: 2.893600 ms  DeleteObjects: 0.087800 ms)

========================================================================
Received Prepare
Registering precompiled user dll's ...
Registered in 0.003537 seconds.
Begin MonoManager ReloadAssembly
Native extension for WindowsStandalone target not found
Native extension for WebGL target not found
Refreshing native plugins compatible for Editor in 0.89 ms, found 0 plugins.
Preloading 0 native plugins for Editor in 0.00 ms.
Mono: successfully reloaded assembly
- Completed reload, in  1.780 seconds
Platform modules already initialized, skipping
Shader 'Universal Render Pipeline/Particles/Lit': fallback shader 'Universal Render Pipeline/Particles/SimpleLit' not found
Refreshing native plugins compatible for Editor in 0.93 ms, found 0 plugins.
Preloading 0 native plugins for Editor in 0.00 ms.
Unloading 3111 Unused Serialized files (Serialized files now loaded: 0)
System memory in use before: 166.1 MB.
System memory in use after: 166.3 MB.

Unloading 7 unused Assets to reduce memory usage. Loaded Objects now: 3984.
Total: 4.674700 ms (FindLiveObjects: 0.465200 ms CreateObjectMapping: 0.095100 ms MarkObjects: 3.979600 ms  DeleteObjects: 0.132400 ms)

========================================================================
Received Prepare
Registering precompiled user dll's ...
Registered in 0.001942 seconds.
Begin MonoManager ReloadAssembly
Native extension for WindowsStandalone target not found
Native extension for WebGL target not found
Refreshing native plugins compatible for Editor in 1.20 ms, found 0 plugins.
Preloading 0 native plugins for Editor in 0.00 ms.
Mono: successfully reloaded assembly
- Completed reload, in  1.783 seconds
Platform modules already initialized, skipping
Shader 'Universal Render Pipeline/Particles/Lit': fallback shader 'Universal Render Pipeline/Particles/SimpleLit' not found
Refreshing native plugins compatible for Editor in 0.96 ms, found 0 plugins.
Preloading 0 native plugins for Editor in 0.00 ms.
Unloading 3111 Unused Serialized files (Serialized files now loaded: 0)
System memory in use before: 166.1 MB.
System memory in use after: 166.3 MB.

Unloading 7 unused Assets to reduce memory usage. Loaded Objects now: 3986.
Total: 4.157600 ms (FindLiveObjects: 0.576400 ms CreateObjectMapping: 0.204100 ms MarkObjects: 3.285300 ms  DeleteObjects: 0.090300 ms)

========================================================================
Received Prepare
Registering precompiled user dll's ...
Registered in 0.004035 seconds.
Begin MonoManager ReloadAssembly
Native extension for WindowsStandalone target not found
Native extension for WebGL target not found
Refreshing native plugins compatible for Editor in 0.88 ms, found 0 plugins.
Preloading 0 native plugins for Editor in 0.00 ms.
Mono: successfully reloaded assembly
- Completed reload, in  2.087 seconds
Platform modules already initialized, skipping
Shader 'Universal Render Pipeline/Particles/Lit': fallback shader 'Universal Render Pipeline/Particles/SimpleLit' not found
Refreshing native plugins compatible for Editor in 0.65 ms, found 0 plugins.
Preloading 0 native plugins for Editor in 0.00 ms.
Unloading 3111 Unused Serialized files (Serialized files now loaded: 0)
System memory in use before: 166.1 MB.
System memory in use after: 166.3 MB.

Unloading 7 unused Assets to reduce memory usage. Loaded Objects now: 3988.
Total: 3.858100 ms (FindLiveObjects: 0.548600 ms CreateObjectMapping: 0.196600 ms MarkObjects: 3.039300 ms  DeleteObjects: 0.072400 ms)

========================================================================
Received Prepare
Registering precompiled user dll's ...
Registered in 0.003959 seconds.
Begin MonoManager ReloadAssembly
Native extension for WindowsStandalone target not found
Native extension for WebGL target not found
Refreshing native plugins compatible for Editor in 0.92 ms, found 0 plugins.
Preloading 0 native plugins for Editor in 0.00 ms.
Mono: successfully reloaded assembly
- Completed reload, in  1.768 seconds
Platform modules already initialized, skipping
Shader 'Universal Render Pipeline/Particles/Lit': fallback shader 'Universal Render Pipeline/Particles/SimpleLit' not found
Refreshing native plugins compatible for Editor in 0.85 ms, found 0 plugins.
Preloading 0 native plugins for Editor in 0.00 ms.
Unloading 3111 Unused Serialized files (Serialized files now loaded: 0)
System memory in use before: 166.1 MB.
System memory in use after: 166.3 MB.

Unloading 7 unused Assets to reduce memory usage. Loaded Objects now: 3990.
Total: 12.900800 ms (FindLiveObjects: 3.944900 ms CreateObjectMapping: 0.558900 ms MarkObjects: 8.280800 ms  DeleteObjects: 0.114500 ms)

========================================================================
Received Prepare
Registering precompiled user dll's ...
Registered in 0.002033 seconds.
Begin MonoManager ReloadAssembly
Native extension for WindowsStandalone target not found
Native extension for WebGL target not found
Refreshing native plugins compatible for Editor in 0.82 ms, found 0 plugins.
Preloading 0 native plugins for Editor in 0.00 ms.
Mono: successfully reloaded assembly
- Completed reload, in  1.788 seconds
Platform modules already initialized, skipping
Shader 'Universal Render Pipeline/Particles/Lit': fallback shader 'Universal Render Pipeline/Particles/SimpleLit' not found
Refreshing native plugins compatible for Editor in 0.97 ms, found 0 plugins.
Preloading 0 native plugins for Editor in 0.00 ms.
Unloading 3111 Unused Serialized files (Serialized files now loaded: 0)
System memory in use before: 166.1 MB.
System memory in use after: 166.3 MB.

Unloading 7 unused Assets to reduce memory usage. Loaded Objects now: 3992.
Total: 3.698300 ms (FindLiveObjects: 0.400400 ms CreateObjectMapping: 0.088600 ms MarkObjects: 3.127800 ms  DeleteObjects: 0.079500 ms)

========================================================================
Received Prepare
Registering precompiled user dll's ...
Registered in 0.001907 seconds.
Begin MonoManager ReloadAssembly
Native extension for WindowsStandalone target not found
Native extension for WebGL target not found
Refreshing native plugins compatible for Editor in 0.56 ms, found 0 plugins.
Preloading 0 native plugins for Editor in 0.00 ms.
Mono: successfully reloaded assembly
- Completed reload, in  1.336 seconds
Platform modules already initialized, skipping
Shader 'Universal Render Pipeline/Particles/Lit': fallback shader 'Universal Render Pipeline/Particles/SimpleLit' not found
Refreshing native plugins compatible for Editor in 0.64 ms, found 0 plugins.
Preloading 0 native plugins for Editor in 0.00 ms.
Unloading 3111 Unused Serialized files (Serialized files now loaded: 0)
System memory in use before: 166.1 MB.
System memory in use after: 166.4 MB.

Unloading 7 unused Assets to reduce memory usage. Loaded Objects now: 3994.
Total: 3.412400 ms (FindLiveObjects: 0.467700 ms CreateObjectMapping: 0.084700 ms MarkObjects: 2.779600 ms  DeleteObjects: 0.079000 ms)

========================================================================
Received Prepare
Registering precompiled user dll's ...
Registered in 0.002146 seconds.
Begin MonoManager ReloadAssembly
Native extension for WindowsStandalone target not found
Native extension for WebGL target not found
Refreshing native plugins compatible for Editor in 0.56 ms, found 0 plugins.
Preloading 0 native plugins for Editor in 0.00 ms.
Mono: successfully reloaded assembly
- Completed reload, in  1.321 seconds
Platform modules already initialized, skipping
Shader 'Universal Render Pipeline/Particles/Lit': fallback shader 'Universal Render Pipeline/Particles/SimpleLit' not found
Refreshing native plugins compatible for Editor in 0.62 ms, found 0 plugins.
Preloading 0 native plugins for Editor in 0.00 ms.
Unloading 3111 Unused Serialized files (Serialized files now loaded: 0)
System memory in use before: 166.1 MB.
System memory in use after: 166.4 MB.

Unloading 7 unused Assets to reduce memory usage. Loaded Objects now: 3996.
Total: 3.020000 ms (FindLiveObjects: 0.369200 ms CreateObjectMapping: 0.079900 ms MarkObjects: 2.497000 ms  DeleteObjects: 0.072700 ms)

========================================================================
Received Prepare
Registering precompiled user dll's ...
Registered in 0.002424 seconds.
Begin MonoManager ReloadAssembly
Native extension for WindowsStandalone target not found
Native extension for WebGL target not found
Refreshing native plugins compatible for Editor in 0.90 ms, found 0 plugins.
Preloading 0 native plugins for Editor in 0.00 ms.
Mono: successfully reloaded assembly
- Completed reload, in  1.746 seconds
Platform modules already initialized, skipping
Shader 'Universal Render Pipeline/Particles/Lit': fallback shader 'Universal Render Pipeline/Particles/SimpleLit' not found
Refreshing native plugins compatible for Editor in 0.58 ms, found 0 plugins.
Preloading 0 native plugins for Editor in 0.00 ms.
Unloading 3111 Unused Serialized files (Serialized files now loaded: 0)
System memory in use before: 166.2 MB.
System memory in use after: 166.4 MB.

Unloading 7 unused Assets to reduce memory usage. Loaded Objects now: 3998.
Total: 3.855700 ms (FindLiveObjects: 0.595500 ms CreateObjectMapping: 0.134600 ms MarkObjects: 3.046000 ms  DeleteObjects: 0.078000 ms)

========================================================================
Received Prepare
Registering precompiled user dll's ...
Registered in 0.002162 seconds.
Begin MonoManager ReloadAssembly
Native extension for WindowsStandalone target not found
Native extension for WebGL target not found
Refreshing native plugins compatible for Editor in 0.62 ms, found 0 plugins.
Preloading 0 native plugins for Editor in 0.00 ms.
Mono: successfully reloaded assembly
- Completed reload, in  1.490 seconds
Platform modules already initialized, skipping
Shader 'Universal Render Pipeline/Particles/Lit': fallback shader 'Universal Render Pipeline/Particles/SimpleLit' not found
Refreshing native plugins compatible for Editor in 0.55 ms, found 0 plugins.
Preloading 0 native plugins for Editor in 0.00 ms.
Unloading 3111 Unused Serialized files (Serialized files now loaded: 0)
System memory in use before: 166.2 MB.
System memory in use after: 166.4 MB.

Unloading 7 unused Assets to reduce memory usage. Loaded Objects now: 4000.
Total: 2.992500 ms (FindLiveObjects: 0.388900 ms CreateObjectMapping: 0.080400 ms MarkObjects: 2.448400 ms  DeleteObjects: 0.073400 ms)

========================================================================
Received Prepare
Registering precompiled user dll's ...
Registered in 0.001850 seconds.
Begin MonoManager ReloadAssembly
Native extension for WindowsStandalone target not found
Native extension for WebGL target not found
Refreshing native plugins compatible for Editor in 0.55 ms, found 0 plugins.
Preloading 0 native plugins for Editor in 0.00 ms.
Mono: successfully reloaded assembly
- Completed reload, in  1.313 seconds
Platform modules already initialized, skipping
Shader 'Universal Render Pipeline/Particles/Lit': fallback shader 'Universal Render Pipeline/Particles/SimpleLit' not found
Refreshing native plugins compatible for Editor in 0.59 ms, found 0 plugins.
Preloading 0 native plugins for Editor in 0.00 ms.
Unloading 3111 Unused Serialized files (Serialized files now loaded: 0)
System memory in use before: 166.2 MB.
System memory in use after: 166.4 MB.

Unloading 7 unused Assets to reduce memory usage. Loaded Objects now: 4002.
Total: 3.127100 ms (FindLiveObjects: 0.617300 ms CreateObjectMapping: 0.087500 ms MarkObjects: 2.350400 ms  DeleteObjects: 0.070700 ms)

========================================================================
Received Prepare
Registering precompiled user dll's ...
Registered in 0.002505 seconds.
Begin MonoManager ReloadAssembly
Native extension for WindowsStandalone target not found
Native extension for WebGL target not found
Refreshing native plugins compatible for Editor in 0.82 ms, found 0 plugins.
Preloading 0 native plugins for Editor in 0.00 ms.
Mono: successfully reloaded assembly
- Completed reload, in  1.356 seconds
Platform modules already initialized, skipping
Shader 'Universal Render Pipeline/Particles/Lit': fallback shader 'Universal Render Pipeline/Particles/SimpleLit' not found
Refreshing native plugins compatible for Editor in 0.88 ms, found 0 plugins.
Preloading 0 native plugins for Editor in 0.00 ms.
Unloading 3111 Unused Serialized files (Serialized files now loaded: 0)
System memory in use before: 166.2 MB.
System memory in use after: 166.4 MB.

Unloading 7 unused Assets to reduce memory usage. Loaded Objects now: 4004.
Total: 2.830900 ms (FindLiveObjects: 0.395900 ms CreateObjectMapping: 0.078900 ms MarkObjects: 2.284800 ms  DeleteObjects: 0.070100 ms)

========================================================================
Received Prepare
Registering precompiled user dll's ...
Registered in 0.001876 seconds.
Begin MonoManager ReloadAssembly
Native extension for WindowsStandalone target not found
Native extension for WebGL target not found
Refreshing native plugins compatible for Editor in 0.56 ms, found 0 plugins.
Preloading 0 native plugins for Editor in 0.00 ms.
Mono: successfully reloaded assembly
- Completed reload, in  1.352 seconds
Platform modules already initialized, skipping
Shader 'Universal Render Pipeline/Particles/Lit': fallback shader 'Universal Render Pipeline/Particles/SimpleLit' not found
Refreshing native plugins compatible for Editor in 0.57 ms, found 0 plugins.
Preloading 0 native plugins for Editor in 0.00 ms.
Unloading 3111 Unused Serialized files (Serialized files now loaded: 0)
System memory in use before: 166.2 MB.
System memory in use after: 166.4 MB.

Unloading 7 unused Assets to reduce memory usage. Loaded Objects now: 4006.
Total: 3.009000 ms (FindLiveObjects: 0.459000 ms CreateObjectMapping: 0.084700 ms MarkObjects: 2.386800 ms  DeleteObjects: 0.076900 ms)

========================================================================
Received Prepare
Registering precompiled user dll's ...
Registered in 0.002385 seconds.
Begin MonoManager ReloadAssembly
Native extension for WindowsStandalone target not found
Native extension for WebGL target not found
Refreshing native plugins compatible for Editor in 0.86 ms, found 0 plugins.
Preloading 0 native plugins for Editor in 0.00 ms.
Mono: successfully reloaded assembly
- Completed reload, in  1.876 seconds
Platform modules already initialized, skipping
Shader 'Universal Render Pipeline/Particles/Lit': fallback shader 'Universal Render Pipeline/Particles/SimpleLit' not found
Refreshing native plugins compatible for Editor in 0.86 ms, found 0 plugins.
Preloading 0 native plugins for Editor in 0.00 ms.
Unloading 3111 Unused Serialized files (Serialized files now loaded: 0)
System memory in use before: 166.2 MB.
System memory in use after: 166.4 MB.

Unloading 7 unused Assets to reduce memory usage. Loaded Objects now: 4008.
Total: 2.857000 ms (FindLiveObjects: 0.387900 ms CreateObjectMapping: 0.077800 ms MarkObjects: 2.315300 ms  DeleteObjects: 0.075200 ms)

========================================================================
Received Prepare
Registering precompiled user dll's ...
Registered in 0.002166 seconds.
Begin MonoManager ReloadAssembly
Native extension for WindowsStandalone target not found
Native extension for WebGL target not found
Refreshing native plugins compatible for Editor in 0.94 ms, found 0 plugins.
Preloading 0 native plugins for Editor in 0.00 ms.
Mono: successfully reloaded assembly
- Completed reload, in  1.488 seconds
Platform modules already initialized, skipping
Shader 'Universal Render Pipeline/Particles/Lit': fallback shader 'Universal Render Pipeline/Particles/SimpleLit' not found
Refreshing native plugins compatible for Editor in 0.96 ms, found 0 plugins.
Preloading 0 native plugins for Editor in 0.00 ms.
Unloading 3111 Unused Serialized files (Serialized files now loaded: 0)
System memory in use before: 166.2 MB.
System memory in use after: 166.4 MB.

Unloading 7 unused Assets to reduce memory usage. Loaded Objects now: 4010.
Total: 4.466100 ms (FindLiveObjects: 0.561700 ms CreateObjectMapping: 0.146100 ms MarkObjects: 3.659600 ms  DeleteObjects: 0.096400 ms)

========================================================================
Received Prepare
Registering precompiled user dll's ...
Registered in 0.002244 seconds.
Begin MonoManager ReloadAssembly
Native extension for WindowsStandalone target not found
Native extension for WebGL target not found
Refreshing native plugins compatible for Editor in 0.56 ms, found 0 plugins.
Preloading 0 native plugins for Editor in 0.00 ms.
Mono: successfully reloaded assembly
- Completed reload, in  1.366 seconds
Platform modules already initialized, skipping
Shader 'Universal Render Pipeline/Particles/Lit': fallback shader 'Universal Render Pipeline/Particles/SimpleLit' not found
Refreshing native plugins compatible for Editor in 0.56 ms, found 0 plugins.
Preloading 0 native plugins for Editor in 0.00 ms.
Unloading 3111 Unused Serialized files (Serialized files now loaded: 0)
System memory in use before: 166.2 MB.
System memory in use after: 166.4 MB.

Unloading 7 unused Assets to reduce memory usage. Loaded Objects now: 4012.
Total: 3.433300 ms (FindLiveObjects: 0.566400 ms CreateObjectMapping: 0.120900 ms MarkObjects: 2.659100 ms  DeleteObjects: 0.085500 ms)

========================================================================
Received Prepare
Registering precompiled user dll's ...
Registered in 0.003248 seconds.
Begin MonoManager ReloadAssembly
Native extension for WindowsStandalone target not found
Native extension for WebGL target not found
Refreshing native plugins compatible for Editor in 0.87 ms, found 0 plugins.
Preloading 0 native plugins for Editor in 0.00 ms.
Mono: successfully reloaded assembly
- Completed reload, in  1.938 seconds
Platform modules already initialized, skipping
Shader 'Universal Render Pipeline/Particles/Lit': fallback shader 'Universal Render Pipeline/Particles/SimpleLit' not found
Refreshing native plugins compatible for Editor in 0.92 ms, found 0 plugins.
Preloading 0 native plugins for Editor in 0.00 ms.
Unloading 3111 Unused Serialized files (Serialized files now loaded: 0)
System memory in use before: 166.2 MB.
System memory in use after: 166.4 MB.

Unloading 7 unused Assets to reduce memory usage. Loaded Objects now: 4014.
Total: 4.462200 ms (FindLiveObjects: 0.717100 ms CreateObjectMapping: 0.270100 ms MarkObjects: 3.370500 ms  DeleteObjects: 0.102000 ms)

AssetImportWorkerClient::OnTransportError - code=2 error=End of file
